sample.interval=20000
"..2dge" "<Anonymous>" "standardGeneric" "<Anonymous>" "fastADMM" "fastFPS" 
"rev.default" "rev" "eigen" "fastFantopeProj" "fastADMM" "fastFPS" 
"getTheta" "fastFantopeProj" "fastADMM" "fastFPS" 
"eigen" "fastFantopeProj" "fastADMM" "fastFPS" 
"mostattributes<-" "pmax" "softThreshold" "fastADMM" "fastFPS" 
".Call" "eigs.real_sym" "<Anonymous>" "fastFantopeProj" "fastADMM" "fastFPS" 
"-" "fastADMM" "fastFPS" 
"<Anonymous>" "standardGeneric" "<Anonymous>" "fastADMM" "fastFPS" 
"*" "softThreshold" "fastADMM" "fastFPS" 
"+" "fastADMM" "fastFPS" 
"mostattributes<-" "pmax" "softThreshold" "fastADMM" "fastFPS" 
"..2dge" "<Anonymous>" "standardGeneric" "<Anonymous>" "fastADMM" "fastFPS" 
".Call" "eigs.real_sym" "<Anonymous>" "fastFantopeProj" "fastADMM" "fastFPS" 
"%*%" "fastFantopeProj" "fastADMM" "fastFPS" 
"%*%" "fastFantopeProj" "fastADMM" "fastFPS" 
"%*%" "fastFantopeProj" "fastADMM" "fastFPS" 
".Call" "eigs.real_sym" "<Anonymous>" "fastFantopeProj" "fastADMM" "fastFPS" 
"/" "nrow" "fastFantopeProj" "fastADMM" "fastFPS" 
".Call" "eigs.real_sym" "<Anonymous>" "fastFantopeProj" "fastADMM" "fastFPS" 
"pmax" "softThreshold" "fastADMM" "fastFPS" 
"-" "fastADMM" "fastFPS" 
"rev.default" "rev" "eigen" "fastFantopeProj" "fastADMM" "fastFPS" 
"%*%" "fastFantopeProj" "fastADMM" "fastFPS" 
"eigen" "fastFantopeProj" "fastADMM" "fastFPS" 
"eigen" "fastFantopeProj" "fastADMM" "fastFPS" 
"%*%" "fastFantopeProj" "fastADMM" "fastFPS" 
".Call" "eigs.real_sym" "<Anonymous>" "fastFantopeProj" "fastADMM" "fastFPS" 
".Call" "eigs.real_sym" "<Anonymous>" "fastFantopeProj" "fastADMM" "fastFPS" 
"%*%" "fastFantopeProj" "fastADMM" "fastFPS" 
"%*%" "fastFantopeProj" "fastADMM" "fastFPS" 
"-" "pmax" "softThreshold" "fastADMM" "fastFPS" 
"pmax" "softThreshold" "fastADMM" "fastFPS" 
"eigen" "fastFantopeProj" "fastADMM" "fastFPS" 
"+" "fastADMM" "fastFPS" 
"%*%" "fastFantopeProj" "fastADMM" "fastFPS" 
".Call" "eigs.real_sym" "<Anonymous>" "fastFantopeProj" "fastADMM" "fastFPS" 
".Call" "eigs.real_sym" "<Anonymous>" "fastFantopeProj" "fastADMM" "fastFPS" 
"mostattributes<-" "pmax" "softThreshold" "fastADMM" "fastFPS" 
"mostattributes<-" "pmax" "softThreshold" "fastADMM" "fastFPS" 
"sign" "softThreshold" "fastADMM" "fastFPS" 
"-" "standardGeneric" "<Anonymous>" "fastADMM" "fastFPS" 
".Call" "eigs.real_sym" "<Anonymous>" "fastFantopeProj" "fastADMM" "fastFPS" 
"pmax" "softThreshold" "fastADMM" "fastFPS" 
"abs" "pmax" "softThreshold" "fastADMM" "fastFPS" 
"%*%" "fastFantopeProj" "fastADMM" "fastFPS" 
"+" "softThreshold" "fastADMM" "fastFPS" 
"%*%" "fastFantopeProj" "fastADMM" "fastFPS" 
"diag" "fastFantopeProj" "fastADMM" "fastFPS" 
".Call" "eigs.real_sym" "<Anonymous>" "fastFantopeProj" "fastADMM" "fastFPS" 
"eigen" "fastFantopeProj" "fastADMM" "fastFPS" 
".Call" "eigs.real_sym" "<Anonymous>" "fastFantopeProj" "fastADMM" "fastFPS" 
"eigen" "fastFantopeProj" "fastADMM" "fastFPS" 
"..2dge" "<Anonymous>" "standardGeneric" "<Anonymous>" "fastADMM" "fastFPS" 
"mostattributes<-" "pmax" "softThreshold" "fastADMM" "fastFPS" 
"pmax" "softThreshold" "fastADMM" "fastFPS" 
".Call" "eigs.real_sym" "<Anonymous>" "fastFantopeProj" "fastADMM" "fastFPS" 
".Call" "eigs.real_sym" "<Anonymous>" "fastFantopeProj" "fastADMM" "fastFPS" 
"/" "nrow" "fastFantopeProj" "fastADMM" "fastFPS" 
"eigen" "fastFantopeProj" "fastADMM" "fastFPS" 
"-" "nrow" "fastFantopeProj" "fastADMM" "fastFPS" 
"%*%" "fastFantopeProj" "fastADMM" "fastFPS" 
"eigs.real_sym" "<Anonymous>" "fastFantopeProj" "fastADMM" "fastFPS" 
"-" "standardGeneric" "<Anonymous>" "fastADMM" "fastFPS" 
"mostattributes<-" "pmax" "softThreshold" "fastADMM" "fastFPS" 
"-" "nrow" "fastFantopeProj" "fastADMM" "fastFPS" 
"eigen" "fastFantopeProj" "fastADMM" "fastFPS" 
"pmax" "softThreshold" "fastADMM" "fastFPS" 
"-" "nrow" "fastFantopeProj" "fastADMM" "fastFPS" 
".Call" "eigs.real_sym" "<Anonymous>" "fastFantopeProj" "fastADMM" "fastFPS" 
"+" "fastADMM" "fastFPS" 
"mostattributes<-" "pmax" "softThreshold" "fastADMM" "fastFPS" 
"eigen" "fastFantopeProj" "fastADMM" "fastFPS" 
"sign" "softThreshold" "fastADMM" "fastFPS" 
"mostattributes<-" "pmax" "softThreshold" "fastADMM" "fastFPS" 
".Call" "eigs.real_sym" "<Anonymous>" "fastFantopeProj" "fastADMM" "fastFPS" 
"eigen" "fastFantopeProj" "fastADMM" "fastFPS" 
"sign" "softThreshold" "fastADMM" "fastFPS" 
"..2dge" "<Anonymous>" "standardGeneric" "<Anonymous>" "fastADMM" "fastFPS" 
"%*%" "fastFantopeProj" "fastADMM" "fastFPS" 
"..2dge" "<Anonymous>" "standardGeneric" "<Anonymous>" "fastADMM" "fastFPS" 
"eigen" "fastFantopeProj" "fastADMM" "fastFPS" 
"pmax" "softThreshold" "fastADMM" "fastFPS" 
"-" "standardGeneric" "<Anonymous>" "fastADMM" "fastFPS" 
"-" "standardGeneric" "<Anonymous>" "fastADMM" "fastFPS" 
"%*%" "fastFantopeProj" "fastADMM" "fastFPS" 
"-" "standardGeneric" "<Anonymous>" "fastADMM" "fastFPS" 
"eigen" "fastFantopeProj" "fastADMM" "fastFPS" 
".Call" "eigs.real_sym" "<Anonymous>" "fastFantopeProj" "fastADMM" "fastFPS" 
".Call" "eigs.real_sym" "<Anonymous>" "fastFantopeProj" "fastADMM" "fastFPS" 
"sign" "softThreshold" "fastADMM" "fastFPS" 
"%*%" "fastFantopeProj" "fastADMM" "fastFPS" 
"-" "standardGeneric" "<Anonymous>" "fastADMM" "fastFPS" 
"eigen" "fastFantopeProj" "fastADMM" "fastFPS" 
"%*%" "fastFantopeProj" "fastADMM" "fastFPS" 
"sign" "softThreshold" "fastADMM" "fastFPS" 
"eigen" "fastFantopeProj" "fastADMM" "fastFPS" 
"%*%" "fastFantopeProj" "fastADMM" "fastFPS" 
"mostattributes<-" "pmax" "softThreshold" "fastADMM" "fastFPS" 
"-" "fastADMM" "fastFPS" 
"eigen" "fastFantopeProj" "fastADMM" "fastFPS" 
"%*%" "fastFantopeProj" "fastADMM" "fastFPS" 
"abs" "pmax" "softThreshold" "fastADMM" "fastFPS" 
"/" "nrow" "fastFantopeProj" "fastADMM" "fastFPS" 
".Call" "eigs.real_sym" "<Anonymous>" "fastFantopeProj" "fastADMM" "fastFPS" 
"<Anonymous>" "standardGeneric" "<Anonymous>" "fastADMM" "fastFPS" 
".Call" "eigs.real_sym" "<Anonymous>" "fastFantopeProj" "fastADMM" "fastFPS" 
"%*%" "fastFantopeProj" "fastADMM" "fastFPS" 
"%*%" "fastFantopeProj" "fastADMM" "fastFPS" 
"%*%" "fastFantopeProj" "fastADMM" "fastFPS" 
"%*%" "fastFantopeProj" "fastADMM" "fastFPS" 
"%*%" "fastFantopeProj" "fastADMM" "fastFPS" 
"%*%" "fastFantopeProj" "fastADMM" "fastFPS" 
"%*%" "fastFantopeProj" "fastADMM" "fastFPS" 
"%*%" "fastFantopeProj" "fastADMM" "fastFPS" 
"eigen" "fastFantopeProj" "fastADMM" "fastFPS" 
"+" "softThreshold" "fastADMM" "fastFPS" 
"mostattributes<-" "pmax" "softThreshold" "fastADMM" "fastFPS" 
".Call" "eigs.real_sym" "<Anonymous>" "fastFantopeProj" "fastADMM" "fastFPS" 
"mostattributes<-" "pmax" "softThreshold" "fastADMM" "fastFPS" 
"%*%" "fastFantopeProj" "fastADMM" "fastFPS" 
"-" "standardGeneric" "<Anonymous>" "fastADMM" "fastFPS" 
"c" "getTheta" "fastFantopeProj" "fastADMM" "fastFPS" 
"pmax" "softThreshold" "fastADMM" "fastFPS" 
"%*%" "fastFantopeProj" "fastADMM" "fastFPS" 
"-" "fastADMM" "fastFPS" 
"%*%" "fastFantopeProj" "fastADMM" "fastFPS" 
"eigen" "fastFantopeProj" "fastADMM" "fastFPS" 
"sign" "softThreshold" "fastADMM" "fastFPS" 
"-" "standardGeneric" "<Anonymous>" "fastADMM" "fastFPS" 
"%*%" "fastFantopeProj" "fastADMM" "fastFPS" 
"..2dge" "<Anonymous>" "standardGeneric" "<Anonymous>" "fastADMM" "fastFPS" 
"%*%" "fastFantopeProj" "fastADMM" "fastFPS" 
"eigen" "fastFantopeProj" "fastADMM" "fastFPS" 
"%*%" "fastFantopeProj" "fastADMM" "fastFPS" 
"<Anonymous>" "standardGeneric" "<Anonymous>" "fastADMM" "fastFPS" 
"%*%" "fastFantopeProj" "fastADMM" "fastFPS" 
"-" "nrow" "fastFantopeProj" "fastADMM" "fastFPS" 
"eigen" "fastFantopeProj" "fastADMM" "fastFPS" 
"*" "softThreshold" "fastADMM" "fastFPS" 
"%*%" "fastFantopeProj" "fastADMM" "fastFPS" 
"-" "standardGeneric" "<Anonymous>" "fastADMM" "fastFPS" 
".Call" "eigs.real_sym" "<Anonymous>" "fastFantopeProj" "fastADMM" "fastFPS" 
"pmax" "softThreshold" "fastADMM" "fastFPS" 
"-" "fastADMM" "fastFPS" 
"eigen" "fastFantopeProj" "fastADMM" "fastFPS" 
"-" "standardGeneric" "<Anonymous>" "fastADMM" "fastFPS" 
"t.default" "t" "fastFantopeProj" "fastADMM" "fastFPS" 
"-" "nrow" "fastFantopeProj" "fastADMM" "fastFPS" 
"%*%" "fastFantopeProj" "fastADMM" "fastFPS" 
"sign" "softThreshold" "fastADMM" "fastFPS" 
"eigen" "fastFantopeProj" "fastADMM" "fastFPS" 
"-" "standardGeneric" "<Anonymous>" "fastADMM" "fastFPS" 
"%*%" "fastFantopeProj" "fastADMM" "fastFPS" 
"eigen" "fastFantopeProj" "fastADMM" "fastFPS" 
"..2dge" "<Anonymous>" "standardGeneric" "<Anonymous>" "fastADMM" "fastFPS" 
"eigen" "fastFantopeProj" "fastADMM" "fastFPS" 
"%*%" "fastFantopeProj" "fastADMM" "fastFPS" 
"eigen" "fastFantopeProj" "fastADMM" "fastFPS" 
".Call" "eigs.real_sym" "<Anonymous>" "fastFantopeProj" "fastADMM" "fastFPS" 
"eigen" "fastFantopeProj" "fastADMM" "fastFPS" 
"pmax" "softThreshold" "fastADMM" "fastFPS" 
"eigen" "fastFantopeProj" "fastADMM" "fastFPS" 
"mostattributes<-" "pmax" "softThreshold" "fastADMM" "fastFPS" 
"..2dge" "<Anonymous>" "standardGeneric" "<Anonymous>" "fastADMM" "fastFPS" 
".Call" "eigs.real_sym" "<Anonymous>" "fastFantopeProj" "fastADMM" "fastFPS" 
"+" "fastADMM" "fastFPS" 
"%*%" "fastFantopeProj" "fastADMM" "fastFPS" 
"+" "fastADMM" "fastFPS" 
"%*%" "fastFantopeProj" "fastADMM" "fastFPS" 
".Call" "eigs.real_sym" "<Anonymous>" "fastFantopeProj" "fastADMM" "fastFPS" 
"eigen" "fastFantopeProj" "fastADMM" "fastFPS" 
"%*%" "fastFantopeProj" "fastADMM" "fastFPS" 
"-" "standardGeneric" "<Anonymous>" "fastADMM" "fastFPS" 
"%*%" "fastFantopeProj" "fastADMM" "fastFPS" 
"%*%" "fastFantopeProj" "fastADMM" "fastFPS" 
".Call" "eigs.real_sym" "<Anonymous>" "fastFantopeProj" "fastADMM" "fastFPS" 
"-" "standardGeneric" "<Anonymous>" "fastADMM" "fastFPS" 
".Call" "eigs.real_sym" "<Anonymous>" "fastFantopeProj" "fastADMM" "fastFPS" 
"-" "nrow" "fastFantopeProj" "fastADMM" "fastFPS" 
"%*%" "fastFantopeProj" "fastADMM" "fastFPS" 
"<Anonymous>" "standardGeneric" "<Anonymous>" "fastADMM" "fastFPS" 
".Call" "eigs.real_sym" "<Anonymous>" "fastFantopeProj" "fastADMM" "fastFPS" 
"pmax" "softThreshold" "fastADMM" "fastFPS" 
"%*%" "fastFantopeProj" "fastADMM" "fastFPS" 
"%*%" "fastFantopeProj" "fastADMM" "fastFPS" 
"-" "nrow" "fastFantopeProj" "fastADMM" "fastFPS" 
"%*%" "fastFantopeProj" "fastADMM" "fastFPS" 
"c" "diag" "fastFPS" 
