sample.interval=20000
"gc" "system.time" 
"gc" "system.time" 
"gc" "system.time" 
"gc" "system.time" 
"gc" "system.time" 
"gc" "system.time" 
"gc" "system.time" 
"gc" "system.time" 
"eigen" "fastFantopeProj" "fastADMM" "fastFPS" "system.time" 
"%*%" "fastFantopeProj" "fastADMM" "fastFPS" "system.time" 
".Call" "eigs.real_sym" "eigs_sym" "fastFantopeProj" "fastADMM" "fastFPS" "system.time" 
"rev.default" "rev" "eigen" "fastFantopeProj" "fastADMM" "fastFPS" "system.time" 
".Call" "eigs.real_sym" "eigs_sym" "fastFantopeProj" "fastADMM" "fastFPS" "system.time" 
".Call" "eigs.real_sym" "eigs_sym" "fastFantopeProj" "fastADMM" "fastFPS" "system.time" 
".Call" "eigs.real_sym" "eigs_sym" "fastFantopeProj" "fastADMM" "fastFPS" "system.time" 
".Call" "eigs.real_sym" "eigs_sym" "fastFantopeProj" "fastADMM" "fastFPS" "system.time" 
"%*%" "fastFantopeProj" "fastADMM" "fastFPS" "system.time" 
".Call" "eigs.real_sym" "eigs_sym" "fastFantopeProj" "fastADMM" "fastFPS" "system.time" 
"pmax" "softThreshold" "fastADMM" "fastFPS" "system.time" 
".Call" "eigs.real_sym" "eigs_sym" "fastFantopeProj" "fastADMM" "fastFPS" "system.time" 
"eigen" "fastFantopeProj" "fastADMM" "fastFPS" "system.time" 
"eigen" "fastFantopeProj" "fastADMM" "fastFPS" "system.time" 
"..2dge" "<Anonymous>" "standardGeneric" "<Anonymous>" "fastADMM" "fastFPS" "system.time" 
"eigen" "fastFantopeProj" "fastADMM" "fastFPS" "system.time" 
"eigen" "fastFantopeProj" "fastADMM" "fastFPS" "system.time" 
"sign" "softThreshold" "fastADMM" "fastFPS" "system.time" 
"..2dge" "<Anonymous>" "standardGeneric" "<Anonymous>" "fastADMM" "fastFPS" "system.time" 
"mostattributes<-" "pmax" "softThreshold" "fastADMM" "fastFPS" "system.time" 
"eigen" "fastFantopeProj" "fastADMM" "fastFPS" "system.time" 
"%*%" "fastFantopeProj" "fastADMM" "fastFPS" "system.time" 
"%*%" "fastFantopeProj" "fastADMM" "fastFPS" "system.time" 
".Call" "eigs.real_sym" "eigs_sym" "fastFantopeProj" "fastADMM" "fastFPS" "system.time" 
".Call" "eigs.real_sym" "eigs_sym" "fastFantopeProj" "fastADMM" "fastFPS" "system.time" 
"%*%" "fastFantopeProj" "fastADMM" "fastFPS" "system.time" 
"pmax" "softThreshold" "fastADMM" "fastFPS" "system.time" 
"..2dge" "<Anonymous>" "standardGeneric" "<Anonymous>" "fastADMM" "fastFPS" "system.time" 
"..2dge" "<Anonymous>" "standardGeneric" "<Anonymous>" "fastADMM" "fastFPS" "system.time" 
"..2dge" "<Anonymous>" "standardGeneric" "<Anonymous>" "fastADMM" "fastFPS" "system.time" 
"..2dge" "<Anonymous>" "standardGeneric" "<Anonymous>" "fastADMM" "fastFPS" "system.time" 
"..2dge" "<Anonymous>" "standardGeneric" "<Anonymous>" "fastADMM" "fastFPS" "system.time" 
"-" "standardGeneric" "<Anonymous>" "fastADMM" "fastFPS" "system.time" 
".Call" "eigs.real_sym" "eigs_sym" "fastFantopeProj" "fastADMM" "fastFPS" "system.time" 
".Call" "eigs.real_sym" "eigs_sym" "fastFantopeProj" "fastADMM" "fastFPS" "system.time" 
"*" "softThreshold" "fastADMM" "fastFPS" "system.time" 
"eigen" "fastFantopeProj" "fastADMM" "fastFPS" "system.time" 
"eigen" "fastFantopeProj" "fastADMM" "fastFPS" "system.time" 
"eigen" "fastFantopeProj" "fastADMM" "fastFPS" "system.time" 
".Call" "eigs.real_sym" "eigs_sym" "fastFantopeProj" "fastADMM" "fastFPS" "system.time" 
"..2dge" "<Anonymous>" "standardGeneric" "<Anonymous>" "fastADMM" "fastFPS" "system.time" 
"pmax" "softThreshold" "fastADMM" "fastFPS" "system.time" 
"%*%" "fastFantopeProj" "fastADMM" "fastFPS" "system.time" 
"%*%" "fastFantopeProj" "fastADMM" "fastFPS" "system.time" 
".Call" "eigs.real_sym" "eigs_sym" "fastFantopeProj" "fastADMM" "fastFPS" "system.time" 
"%*%" "fastFantopeProj" "fastADMM" "fastFPS" "system.time" 
"..2dge" "<Anonymous>" "standardGeneric" "<Anonymous>" "fastADMM" "fastFPS" "system.time" 
"pmax" "softThreshold" "fastADMM" "fastFPS" "system.time" 
"-" "standardGeneric" "<Anonymous>" "fastADMM" "fastFPS" "system.time" 
"%*%" "fastFantopeProj" "fastADMM" "fastFPS" "system.time" 
"<Anonymous>" "standardGeneric" "<Anonymous>" "fastADMM" "fastFPS" "system.time" 
"eigen" "fastFantopeProj" "fastADMM" "fastFPS" "system.time" 
"%*%" "fastFantopeProj" "fastADMM" "fastFPS" "system.time" 
".Call" "eigs.real_sym" "eigs_sym" "fastFantopeProj" "fastADMM" "fastFPS" "system.time" 
"..2dge" "<Anonymous>" "standardGeneric" "<Anonymous>" "fastADMM" "fastFPS" "system.time" 
".Call" "eigs.real_sym" "eigs_sym" "fastFantopeProj" "fastADMM" "fastFPS" "system.time" 
"%*%" "fastFantopeProj" "fastADMM" "fastFPS" "system.time" 
"-" "standardGeneric" "<Anonymous>" "fastADMM" "fastFPS" "system.time" 
"abs" "pmax" "softThreshold" "fastADMM" "fastFPS" "system.time" 
"mostattributes<-" "pmax" "softThreshold" "fastADMM" "fastFPS" "system.time" 
"%*%" "fastFantopeProj" "fastADMM" "fastFPS" "system.time" 
"+" "fastADMM" "fastFPS" "system.time" 
"pmax" "softThreshold" "fastADMM" "fastFPS" "system.time" 
"-" "standardGeneric" "<Anonymous>" "fastADMM" "fastFPS" "system.time" 
"+" "fastADMM" "fastFPS" "system.time" 
".Call" "eigs.real_sym" "eigs_sym" "fastFantopeProj" "fastADMM" "fastFPS" "system.time" 
"fastFPS" "system.time" 
"eigen" "fastFantopeProj" "fastADMM" "fastFPS" "system.time" 
"-" "nrow" "fastFantopeProj" "fastADMM" "fastFPS" "system.time" 
"+" "softThreshold" "fastADMM" "fastFPS" "system.time" 
".Call" "eigs.real_sym" "eigs_sym" "fastFantopeProj" "fastADMM" "fastFPS" "system.time" 
"-" "nrow" "fastFantopeProj" "fastADMM" "fastFPS" "system.time" 
"pmax" "softThreshold" "fastADMM" "fastFPS" "system.time" 
"eigen" "fastFantopeProj" "fastADMM" "fastFPS" "system.time" 
"%*%" "fastFantopeProj" "fastADMM" "fastFPS" "system.time" 
"eigen" "fastFantopeProj" "fastADMM" "fastFPS" "system.time" 
"%*%" "fastFantopeProj" "fastADMM" "fastFPS" "system.time" 
"-" "standardGeneric" "<Anonymous>" "fastADMM" "fastFPS" "system.time" 
"eigen" "fastFantopeProj" "fastADMM" "fastFPS" "system.time" 
"-" "standardGeneric" "<Anonymous>" "fastADMM" "fastFPS" "system.time" 
"%*%" "fastFantopeProj" "fastADMM" "fastFPS" "system.time" 
"-" "nrow" "fastFantopeProj" "fastADMM" "fastFPS" "system.time" 
".Call" "eigs.real_sym" "eigs_sym" "fastFantopeProj" "fastADMM" "fastFPS" "system.time" 
"pmax" "softThreshold" "fastADMM" "fastFPS" "system.time" 
"eigen" "fastFantopeProj" "fastADMM" "fastFPS" "system.time" 
".Call" "eigs.real_sym" "eigs_sym" "fastFantopeProj" "fastADMM" "fastFPS" "system.time" 
"/" "nrow" "fastFantopeProj" "fastADMM" "fastFPS" "system.time" 
"/" "nrow" "fastFantopeProj" "fastADMM" "fastFPS" "system.time" 
"/" "nrow" "fastFantopeProj" "fastADMM" "fastFPS" "system.time" 
"/" "nrow" "fastFantopeProj" "fastADMM" "fastFPS" "system.time" 
"/" "nrow" "fastFantopeProj" "fastADMM" "fastFPS" "system.time" 
"/" "nrow" "fastFantopeProj" "fastADMM" "fastFPS" "system.time" 
"eigen" "fastFantopeProj" "fastADMM" "fastFPS" "system.time" 
"mostattributes<-" "pmax" "softThreshold" "fastADMM" "fastFPS" "system.time" 
"sign" "softThreshold" "fastADMM" "fastFPS" "system.time" 
"*" "softThreshold" "fastADMM" "fastFPS" "system.time" 
"eigen" "fastFantopeProj" "fastADMM" "fastFPS" "system.time" 
"-" "standardGeneric" "<Anonymous>" "fastADMM" "fastFPS" "system.time" 
"-" "nrow" "fastFantopeProj" "fastADMM" "fastFPS" "system.time" 
"eigen" "fastFantopeProj" "fastADMM" "fastFPS" "system.time" 
"%*%" "fastFantopeProj" "fastADMM" "fastFPS" "system.time" 
"-" "standardGeneric" "<Anonymous>" "fastADMM" "fastFPS" "system.time" 
"mostattributes<-" "pmax" "softThreshold" "fastADMM" "fastFPS" "system.time" 
"eigen" "fastFantopeProj" "fastADMM" "fastFPS" "system.time" 
"eigen" "fastFantopeProj" "fastADMM" "fastFPS" "system.time" 
".Call" "eigs.real_sym" "eigs_sym" "fastFantopeProj" "fastADMM" "fastFPS" "system.time" 
"-" "fastADMM" "fastFPS" "system.time" 
".Call" "eigs.real_sym" "eigs_sym" "fastFantopeProj" "fastADMM" "fastFPS" "system.time" 
"-" "fastADMM" "fastFPS" "system.time" 
".Call" "eigs.real_sym" "eigs_sym" "fastFantopeProj" "fastADMM" "fastFPS" "system.time" 
"-" "standardGeneric" "<Anonymous>" "fastADMM" "fastFPS" "system.time" 
"%*%" "fastFantopeProj" "fastADMM" "fastFPS" "system.time" 
"-" "standardGeneric" "<Anonymous>" "fastADMM" "fastFPS" "system.time" 
"sign" "softThreshold" "fastADMM" "fastFPS" "system.time" 
"/" "nrow" "fastFantopeProj" "fastADMM" "fastFPS" "system.time" 
".Call" "eigs.real_sym" "eigs_sym" "fastFantopeProj" "fastADMM" "fastFPS" "system.time" 
".Call" "eigs.real_sym" "eigs_sym" "fastFantopeProj" "fastADMM" "fastFPS" "system.time" 
"..2dge" "<Anonymous>" "standardGeneric" "<Anonymous>" "fastADMM" "fastFPS" "system.time" 
"%*%" "fastFantopeProj" "fastADMM" "fastFPS" "system.time" 
"%*%" "fastFantopeProj" "fastADMM" "fastFPS" "system.time" 
"eigen" "fastFantopeProj" "fastADMM" "fastFPS" "system.time" 
".Call" "eigs.real_sym" "eigs_sym" "fastFantopeProj" "fastADMM" "fastFPS" "system.time" 
"/" "nrow" "fastFantopeProj" "fastADMM" "fastFPS" "system.time" 
"*" "softThreshold" "fastADMM" "fastFPS" "system.time" 
"%*%" "fastFantopeProj" "fastADMM" "fastFPS" "system.time" 
"%*%" "fastFantopeProj" "fastADMM" "fastFPS" "system.time" 
".Call" "eigs.real_sym" "eigs_sym" "fastFantopeProj" "fastADMM" "fastFPS" "system.time" 
"..2dge" "<Anonymous>" "standardGeneric" "<Anonymous>" "fastADMM" "fastFPS" "system.time" 
".Call" "eigs.real_sym" "eigs_sym" "fastFantopeProj" "fastADMM" "fastFPS" "system.time" 
"*" "softThreshold" "fastADMM" "fastFPS" "system.time" 
"%*%" "fastFantopeProj" "fastADMM" "fastFPS" "system.time" 
"as.list" "eigs.real_sym" "eigs_sym" "fastFantopeProj" "fastADMM" "fastFPS" "system.time" 
"mostattributes<-" "pmax" "softThreshold" "fastADMM" "fastFPS" "system.time" 
"%*%" "fastFantopeProj" "fastADMM" "fastFPS" "system.time" 
"-" "standardGeneric" "<Anonymous>" "fastADMM" "fastFPS" "system.time" 
"-" "standardGeneric" "<Anonymous>" "fastADMM" "fastFPS" "system.time" 
"-" "standardGeneric" "<Anonymous>" "fastADMM" "fastFPS" "system.time" 
"-" "standardGeneric" "<Anonymous>" "fastADMM" "fastFPS" "system.time" 
"-" "standardGeneric" "<Anonymous>" "fastADMM" "fastFPS" "system.time" 
"..2dge" "<Anonymous>" "standardGeneric" "<Anonymous>" "fastADMM" "fastFPS" "system.time" 
"%*%" "fastFantopeProj" "fastADMM" "fastFPS" "system.time" 
"-" "standardGeneric" "<Anonymous>" "fastADMM" "fastFPS" "system.time" 
".Call" "eigs.real_sym" "eigs_sym" "fastFantopeProj" "fastADMM" "fastFPS" "system.time" 
"-" "standardGeneric" "<Anonymous>" "fastADMM" "fastFPS" "system.time" 
"eigen" "fastFantopeProj" "fastADMM" "fastFPS" "system.time" 
"eigen" "fastFantopeProj" "fastADMM" "fastFPS" "system.time" 
"abs" "pmax" "softThreshold" "fastADMM" "fastFPS" "system.time" 
".Call" "eigs.real_sym" "eigs_sym" "fastFantopeProj" "fastADMM" "fastFPS" "system.time" 
"..2dge" "<Anonymous>" "standardGeneric" "<Anonymous>" "fastADMM" "fastFPS" "system.time" 
"eigen" "fastFantopeProj" "fastADMM" "fastFPS" "system.time" 
"%*%" "fastFantopeProj" "fastADMM" "fastFPS" "system.time" 
"eigen" "fastFantopeProj" "fastADMM" "fastFPS" "system.time" 
"%*%" "fastFantopeProj" "fastADMM" "fastFPS" "system.time" 
"/" "nrow" "fastFantopeProj" "fastADMM" "fastFPS" "system.time" 
".Call" "eigs.real_sym" "eigs_sym" "fastFantopeProj" "fastADMM" "fastFPS" "system.time" 
"pmax" "softThreshold" "fastADMM" "fastFPS" "system.time" 
"eigen" "fastFantopeProj" "fastADMM" "fastFPS" "system.time" 
"+" "fastADMM" "fastFPS" "system.time" 
"mostattributes<-" "pmax" "softThreshold" "fastADMM" "fastFPS" "system.time" 
"%*%" "fastFantopeProj" "fastADMM" "fastFPS" "system.time" 
"pmax" "softThreshold" "fastADMM" "fastFPS" "system.time" 
"getTheta" "fastFantopeProj" "fastADMM" "fastFPS" "system.time" 
"-" "standardGeneric" "<Anonymous>" "fastADMM" "fastFPS" "system.time" 
"getTheta" "fastFantopeProj" "fastADMM" "fastFPS" "system.time" 
"%*%" "fastFantopeProj" "fastADMM" "fastFPS" "system.time" 
"%*%" "fastFantopeProj" "fastADMM" "fastFPS" "system.time" 
".Call" "eigs.real_sym" "eigs_sym" "fastFantopeProj" "fastADMM" "fastFPS" "system.time" 
"+" "softThreshold" "fastADMM" "fastFPS" "system.time" 
"%*%" "fastFantopeProj" "fastADMM" "fastFPS" "system.time" 
"%*%" "fastFantopeProj" "fastADMM" "fastFPS" "system.time" 
"%*%" "fastFantopeProj" "fastADMM" "fastFPS" "system.time" 
"%*%" "fastFantopeProj" "fastADMM" "fastFPS" "system.time" 
"mostattributes<-" "pmax" "softThreshold" "fastADMM" "fastFPS" "system.time" 
"-" "nrow" "fastFantopeProj" "fastADMM" "fastFPS" "system.time" 
"-" "nrow" "fastFantopeProj" "fastADMM" "fastFPS" "system.time" 
"-" "nrow" "fastFantopeProj" "fastADMM" "fastFPS" "system.time" 
"-" "nrow" "fastFantopeProj" "fastADMM" "fastFPS" "system.time" 
"-" "nrow" "fastFantopeProj" "fastADMM" "fastFPS" "system.time" 
"..2dge" "<Anonymous>" "standardGeneric" "<Anonymous>" "fastADMM" "fastFPS" "system.time" 
"%*%" "fastFantopeProj" "fastADMM" "fastFPS" "system.time" 
"eigen" "fastFantopeProj" "fastADMM" "fastFPS" "system.time" 
"/" "nrow" "fastFantopeProj" "fastADMM" "fastFPS" "system.time" 
"%*%" "fastFantopeProj" "fastADMM" "fastFPS" "system.time" 
"mostattributes<-" "pmax" "softThreshold" "fastADMM" "fastFPS" "system.time" 
"%*%" "fastFantopeProj" "fastADMM" "fastFPS" "system.time" 
"..2dge" "<Anonymous>" "standardGeneric" "<Anonymous>" "fastADMM" "fastFPS" "system.time" 
"pmax" "softThreshold" "fastADMM" "fastFPS" "system.time" 
"-" "fastADMM" "fastFPS" "system.time" 
"%*%" "fastFantopeProj" "fastADMM" "fastFPS" "system.time" 
"mostattributes<-" "pmax" "softThreshold" "fastADMM" "fastFPS" "system.time" 
".Call" "eigs.real_sym" "eigs_sym" "fastFantopeProj" "fastADMM" "fastFPS" "system.time" 
"..2dge" "<Anonymous>" "standardGeneric" "<Anonymous>" "fastADMM" "fastFPS" "system.time" 
"%*%" "fastFantopeProj" "fastADMM" "fastFPS" "system.time" 
"eigen" "fastFantopeProj" "fastADMM" "fastFPS" "system.time" 
"-" "fastADMM" "fastFPS" "system.time" 
"eigen" "fastFantopeProj" "fastADMM" "fastFPS" "system.time" 
".Call" "eigs.real_sym" "eigs_sym" "fastFantopeProj" "fastADMM" "fastFPS" "system.time" 
"..2dge" "<Anonymous>" "standardGeneric" "<Anonymous>" "fastADMM" "fastFPS" "system.time" 
"pmax" "softThreshold" "fastADMM" "fastFPS" "system.time" 
"-" "nrow" "fastFantopeProj" "fastADMM" "fastFPS" "system.time" 
"%*%" "fastFantopeProj" "fastADMM" "fastFPS" "system.time" 
"eigen" "fastFantopeProj" "fastADMM" "fastFPS" "system.time" 
