sample.interval=20000
"eigen" "fastFantopeProj" "fastADMM" "fastFPS" 
"-" "standardGeneric" "<Anonymous>" "fastADMM" "fastFPS" 
"eigen" "fastFantopeProj" "fastADMM" "fastFPS" 
".Call" "eigs.real_sym" "<Anonymous>" "fastFantopeProj" "fastADMM" "fastFPS" 
"eigen" "fastFantopeProj" "fastADMM" "fastFPS" 
"eigen" "fastFantopeProj" "fastADMM" "fastFPS" 
"*" "softThreshold" "fastADMM" "fastFPS" 
".Call" "eigs.real_sym" "<Anonymous>" "fastFantopeProj" "fastADMM" "fastFPS" 
".Call" "eigs.real_sym" "<Anonymous>" "fastFantopeProj" "fastADMM" "fastFPS" 
"matrix" "fastFPS" 
"NCOL" "fastFantopeProj" "fastADMM" "fastFPS" 
".Call" "eigs.real_sym" "<Anonymous>" "fastFantopeProj" "fastADMM" "fastFPS" 
"..2dge" "<Anonymous>" "standardGeneric" "<Anonymous>" "fastADMM" "fastFPS" 
"is.finite" "eigen" "fastFantopeProj" "fastADMM" "fastFPS" 
"<Anonymous>" "standardGeneric" "<Anonymous>" "fastADMM" "fastFPS" 
".Call" "eigs.real_sym" "<Anonymous>" "fastFantopeProj" "fastADMM" "fastFPS" 
"/" "NROW" "fastFantopeProj" "fastADMM" "fastFPS" 
"/" "NROW" "fastFantopeProj" "fastADMM" "fastFPS" 
"/" "NROW" "fastFantopeProj" "fastADMM" "fastFPS" 
"/" "NROW" "fastFantopeProj" "fastADMM" "fastFPS" 
"/" "NROW" "fastFantopeProj" "fastADMM" "fastFPS" 
"/" "NROW" "fastFantopeProj" "fastADMM" "fastFPS" 
".Call" "eigs.real_sym" "<Anonymous>" "fastFantopeProj" "fastADMM" "fastFPS" 
"eigen" "fastFantopeProj" "fastADMM" "fastFPS" 
"eigen" "fastFantopeProj" "fastADMM" "fastFPS" 
"-" "fastADMM" "fastFPS" 
"+" "softThreshold" "fastADMM" "fastFPS" 
".Call" "eigs.real_sym" "<Anonymous>" "fastFantopeProj" "fastADMM" "fastFPS" 
".Call" "eigs.real_sym" "<Anonymous>" "fastFantopeProj" "fastADMM" "fastFPS" 
".Call" "eigs.real_sym" "<Anonymous>" "fastFantopeProj" "fastADMM" "fastFPS" 
".Call" "eigs.real_sym" "<Anonymous>" "fastFantopeProj" "fastADMM" "fastFPS" 
"/" "NROW" "fastFantopeProj" "fastADMM" "fastFPS" 
"-" "NROW" "fastFantopeProj" "fastADMM" "fastFPS" 
".Call" "eigs.real_sym" "<Anonymous>" "fastFantopeProj" "fastADMM" "fastFPS" 
"*" "softThreshold" "fastADMM" "fastFPS" 
".Call" "eigs.real_sym" "<Anonymous>" "fastFantopeProj" "fastADMM" "fastFPS" 
"eigen" "fastFantopeProj" "fastADMM" "fastFPS" 
"eigen" "fastFantopeProj" "fastADMM" "fastFPS" 
".Call" "eigs.real_sym" "<Anonymous>" "fastFantopeProj" "fastADMM" "fastFPS" 
"mostattributes<-" "pmax" "softThreshold" "fastADMM" "fastFPS" 
"<Anonymous>" "standardGeneric" "<Anonymous>" "fastADMM" "fastFPS" 
"+" "fastADMM" "fastFPS" 
"%*%" "fastFantopeProj" "fastADMM" "fastFPS" 
".Call" "eigs.real_sym" "<Anonymous>" "fastFantopeProj" "fastADMM" "fastFPS" 
"pmax" "softThreshold" "fastADMM" "fastFPS" 
"sign" "softThreshold" "fastADMM" "fastFPS" 
".Call" "eigs.real_sym" "<Anonymous>" "fastFantopeProj" "fastADMM" "fastFPS" 
".Call" "eigs.real_sym" "<Anonymous>" "fastFantopeProj" "fastADMM" "fastFPS" 
".Call" "eigs.real_sym" "<Anonymous>" "fastFantopeProj" "fastADMM" "fastFPS" 
"eigen" "fastFantopeProj" "fastADMM" "fastFPS" 
"-" "standardGeneric" "<Anonymous>" "fastADMM" "fastFPS" 
".Call" "eigs.real_sym" "<Anonymous>" "fastFantopeProj" "fastADMM" "fastFPS" 
"eigen" "fastFantopeProj" "fastADMM" "fastFPS" 
"..2dge" "<Anonymous>" "standardGeneric" "<Anonymous>" "fastADMM" "fastFPS" 
"eigen" "fastFantopeProj" "fastADMM" "fastFPS" 
".Call" "eigs.real_sym" "<Anonymous>" "fastFantopeProj" "fastADMM" "fastFPS" 
".Call" "eigs.real_sym" "<Anonymous>" "fastFantopeProj" "fastADMM" "fastFPS" 
".Call" "eigs.real_sym" "<Anonymous>" "fastFantopeProj" "fastADMM" "fastFPS" 
".Call" "eigs.real_sym" "<Anonymous>" "fastFantopeProj" "fastADMM" "fastFPS" 
".Call" "eigs.real_sym" "<Anonymous>" "fastFantopeProj" "fastADMM" "fastFPS" 
"sign" "softThreshold" "fastADMM" "fastFPS" 
"eigen" "fastFantopeProj" "fastADMM" "fastFPS" 
"eigen" "fastFantopeProj" "fastADMM" "fastFPS" 
".Call" "eigs.real_sym" "<Anonymous>" "fastFantopeProj" "fastADMM" "fastFPS" 
".Call" "eigs.real_sym" "<Anonymous>" "fastFantopeProj" "fastADMM" "fastFPS" 
".Call" "eigs.real_sym" "<Anonymous>" "fastFantopeProj" "fastADMM" "fastFPS" 
".Call" "eigs.real_sym" "<Anonymous>" "fastFantopeProj" "fastADMM" "fastFPS" 
"eigen" "fastFantopeProj" "fastADMM" "fastFPS" 
"eigen" "fastFantopeProj" "fastADMM" "fastFPS" 
"eigen" "fastFantopeProj" "fastADMM" "fastFPS" 
"-" "fastADMM" "fastFPS" 
"rev" "eigen" "fastFantopeProj" "fastADMM" "fastFPS" 
"pmax" "softThreshold" "fastADMM" "fastFPS" 
"+" "softThreshold" "fastADMM" "fastFPS" 
"eigen" "fastFantopeProj" "fastADMM" "fastFPS" 
"eigen" "fastFantopeProj" "fastADMM" "fastFPS" 
"eigen" "fastFantopeProj" "fastADMM" "fastFPS" 
"%*%" "fastFantopeProj" "fastADMM" "fastFPS" 
"pmax" "softThreshold" "fastADMM" "fastFPS" 
".Call" "eigs.real_sym" "<Anonymous>" "fastFantopeProj" "fastADMM" "fastFPS" 
".Call" "eigs.real_sym" "<Anonymous>" "fastFantopeProj" "fastADMM" "fastFPS" 
"which" "getTheta" "fastFantopeProj" "fastADMM" "fastFPS" 
".Call" "eigs.real_sym" "<Anonymous>" "fastFantopeProj" "fastADMM" "fastFPS" 
".Call" "eigs.real_sym" "<Anonymous>" "fastFantopeProj" "fastADMM" "fastFPS" 
"eigs.real_sym" "<Anonymous>" "fastFantopeProj" "fastADMM" "fastFPS" 
"sign" "softThreshold" "fastADMM" "fastFPS" 
