sample.interval=20000
"gc" "system.time" 
"gc" "system.time" 
"gc" "system.time" 
"gc" "system.time" 
"gc" "system.time" 
"gc" "system.time" 
"gc" "system.time" 
"gc" "system.time" 
"*" "softThreshold" "fastADMM" "fastFPS" "system.time" 
"rev.default" "rev" "eigen" "fastFantopeProj" "fastADMM" "fastFPS" "system.time" 
"eigen" "fastFantopeProj" "fastADMM" "fastFPS" "system.time" 
"<Anonymous>" "reconSVDcpp" "fastFantopeProj" "fastADMM" "fastFPS" "system.time" 
"-" "standardGeneric" "<Anonymous>" "fastADMM" "fastFPS" "system.time" 
"-" "which" "getTheta" "fastFantopeProj" "fastADMM" "fastFPS" "system.time" 
".Call" "eigs.real_sym" "eigs_sym" "fastFantopeProj" "fastADMM" "fastFPS" "system.time" 
"sign" "softThreshold" "fastADMM" "fastFPS" "system.time" 
"..2dge" "<Anonymous>" "standardGeneric" "<Anonymous>" "fastADMM" "fastFPS" "system.time" 
"eigen" "fastFantopeProj" "fastADMM" "fastFPS" "system.time" 
"eigen" "fastFantopeProj" "fastADMM" "fastFPS" "system.time" 
"<Anonymous>" "reconSVDcpp" "fastFantopeProj" "fastADMM" "fastFPS" "system.time" 
"/" "nrow" "fastFantopeProj" "fastADMM" "fastFPS" "system.time" 
"eigen" "fastFantopeProj" "fastADMM" "fastFPS" "system.time" 
"<Anonymous>" "reconSVDcpp" "fastFantopeProj" "fastADMM" "fastFPS" "system.time" 
"*" "softThreshold" "fastADMM" "fastFPS" "system.time" 
"eigen" "fastFantopeProj" "fastADMM" "fastFPS" "system.time" 
"eigen" "fastFantopeProj" "fastADMM" "fastFPS" "system.time" 
"eigen" "fastFantopeProj" "fastADMM" "fastFPS" "system.time" 
"eigen" "fastFantopeProj" "fastADMM" "fastFPS" "system.time" 
".Call" "eigs.real_sym" "eigs_sym" "fastFantopeProj" "fastADMM" "fastFPS" "system.time" 
".Call" "eigs.real_sym" "eigs_sym" "fastFantopeProj" "fastADMM" "fastFPS" "system.time" 
".Call" "eigs.real_sym" "eigs_sym" "fastFantopeProj" "fastADMM" "fastFPS" "system.time" 
"<Anonymous>" "reconSVDcpp" "fastFantopeProj" "fastADMM" "fastFPS" "system.time" 
"sign" "softThreshold" "fastADMM" "fastFPS" "system.time" 
".Call" "eigs.real_sym" "eigs_sym" "fastFantopeProj" "fastADMM" "fastFPS" "system.time" 
".Call" "eigs.real_sym" "eigs_sym" "fastFantopeProj" "fastADMM" "fastFPS" "system.time" 
".Call" "eigs.real_sym" "eigs_sym" "fastFantopeProj" "fastADMM" "fastFPS" "system.time" 
".Call" "eigs.real_sym" "eigs_sym" "fastFantopeProj" "fastADMM" "fastFPS" "system.time" 
"mostattributes<-" "pmax" "softThreshold" "fastADMM" "fastFPS" "system.time" 
"-" "nrow" "fastFantopeProj" "fastADMM" "fastFPS" "system.time" 
"-" "nrow" "fastFantopeProj" "fastADMM" "fastFPS" "system.time" 
"eigen" "fastFantopeProj" "fastADMM" "fastFPS" "system.time" 
"eigen" "fastFantopeProj" "fastADMM" "fastFPS" "system.time" 
".Call" "eigs.real_sym" "eigs_sym" "fastFantopeProj" "fastADMM" "fastFPS" "system.time" 
"eigen" "fastFantopeProj" "fastADMM" "fastFPS" "system.time" 
"<Anonymous>" "reconSVDcpp" "fastFantopeProj" "fastADMM" "fastFPS" "system.time" 
"pmax" "softThreshold" "fastADMM" "fastFPS" "system.time" 
"+" "fastADMM" "fastFPS" "system.time" 
"<Anonymous>" "reconSVDcpp" "fastFantopeProj" "fastADMM" "fastFPS" "system.time" 
"mostattributes<-" "pmax" "softThreshold" "fastADMM" "fastFPS" "system.time" 
"mostattributes<-" "pmax" "softThreshold" "fastADMM" "fastFPS" "system.time" 
"pmax" "softThreshold" "fastADMM" "fastFPS" "system.time" 
".Call" "eigs.real_sym" "eigs_sym" "fastFantopeProj" "fastADMM" "fastFPS" "system.time" 
"<Anonymous>" "reconSVDcpp" "fastFantopeProj" "fastADMM" "fastFPS" "system.time" 
"<Anonymous>" "reconSVDcpp" "fastFantopeProj" "fastADMM" "fastFPS" "system.time" 
".Call" "eigs.real_sym" "eigs_sym" "fastFantopeProj" "fastADMM" "fastFPS" "system.time" 
"<Anonymous>" "reconSVDcpp" "fastFantopeProj" "fastADMM" "fastFPS" "system.time" 
"<Anonymous>" "reconSVDcpp" "fastFantopeProj" "fastADMM" "fastFPS" "system.time" 
"-" "standardGeneric" "<Anonymous>" "fastADMM" "fastFPS" "system.time" 
"pmax" "softThreshold" "fastADMM" "fastFPS" "system.time" 
"/" "nrow" "fastFantopeProj" "fastADMM" "fastFPS" "system.time" 
"eigen" "fastFantopeProj" "fastADMM" "fastFPS" "system.time" 
"eigen" "fastFantopeProj" "fastADMM" "fastFPS" "system.time" 
".Call" "eigs.real_sym" "eigs_sym" "fastFantopeProj" "fastADMM" "fastFPS" "system.time" 
"pmax" "softThreshold" "fastADMM" "fastFPS" "system.time" 
"mostattributes<-" "pmax" "softThreshold" "fastADMM" "fastFPS" "system.time" 
"pmax" "softThreshold" "fastADMM" "fastFPS" "system.time" 
"-" "standardGeneric" "<Anonymous>" "fastADMM" "fastFPS" "system.time" 
"..2dge" "<Anonymous>" "standardGeneric" "<Anonymous>" "fastADMM" "fastFPS" "system.time" 
"eigen" "fastFantopeProj" "fastADMM" "fastFPS" "system.time" 
"eigen" "fastFantopeProj" "fastADMM" "fastFPS" "system.time" 
".Call" "eigs.real_sym" "eigs_sym" "fastFantopeProj" "fastADMM" "fastFPS" "system.time" 
"<Anonymous>" "reconSVDcpp" "fastFantopeProj" "fastADMM" "fastFPS" "system.time" 
".Call" "eigs.real_sym" "eigs_sym" "fastFantopeProj" "fastADMM" "fastFPS" "system.time" 
"abs" "pmax" "softThreshold" "fastADMM" "fastFPS" "system.time" 
"<Anonymous>" "reconSVDcpp" "fastFantopeProj" "fastADMM" "fastFPS" "system.time" 
"-" "standardGeneric" "<Anonymous>" "fastADMM" "fastFPS" "system.time" 
"eigen" "fastFantopeProj" "fastADMM" "fastFPS" "system.time" 
"rev.default" "rev" "eigen" "fastFantopeProj" "fastADMM" "fastFPS" "system.time" 
"eigen" "fastFantopeProj" "fastADMM" "fastFPS" "system.time" 
".Call" "eigs.real_sym" "eigs_sym" "fastFantopeProj" "fastADMM" "fastFPS" "system.time" 
"<Anonymous>" "reconSVDcpp" "fastFantopeProj" "fastADMM" "fastFPS" "system.time" 
"mostattributes<-" "pmax" "softThreshold" "fastADMM" "fastFPS" "system.time" 
"/" "nrow" "fastFantopeProj" "fastADMM" "fastFPS" "system.time" 
"..2dge" "<Anonymous>" "standardGeneric" "<Anonymous>" "fastADMM" "fastFPS" "system.time" 
"eigen" "fastFantopeProj" "fastADMM" "fastFPS" "system.time" 
"eigen" "fastFantopeProj" "fastADMM" "fastFPS" "system.time" 
".Call" "eigs.real_sym" "eigs_sym" "fastFantopeProj" "fastADMM" "fastFPS" "system.time" 
".Call" "eigs.real_sym" "eigs_sym" "fastFantopeProj" "fastADMM" "fastFPS" "system.time" 
"mostattributes<-" "pmax" "softThreshold" "fastADMM" "fastFPS" "system.time" 
"/" "nrow" "fastFantopeProj" "fastADMM" "fastFPS" "system.time" 
"-" "nrow" "fastFantopeProj" "fastADMM" "fastFPS" "system.time" 
"-" "standardGeneric" "<Anonymous>" "fastADMM" "fastFPS" "system.time" 
"pmax" "softThreshold" "fastADMM" "fastFPS" "system.time" 
"-" "standardGeneric" "<Anonymous>" "fastADMM" "fastFPS" "system.time" 
"is.finite" "eigen" "fastFantopeProj" "fastADMM" "fastFPS" "system.time" 
".Call" "eigs.real_sym" "eigs_sym" "fastFantopeProj" "fastADMM" "fastFPS" "system.time" 
"eigen" "fastFantopeProj" "fastADMM" "fastFPS" "system.time" 
".Call" "eigs.real_sym" "eigs_sym" "fastFantopeProj" "fastADMM" "fastFPS" "system.time" 
"eigen" "fastFantopeProj" "fastADMM" "fastFPS" "system.time" 
"mostattributes<-" "pmax" "softThreshold" "fastADMM" "fastFPS" "system.time" 
".Call" "eigs.real_sym" "eigs_sym" "fastFantopeProj" "fastADMM" "fastFPS" "system.time" 
"eigen" "fastFantopeProj" "fastADMM" "fastFPS" "system.time" 
"eigen" "fastFantopeProj" "fastADMM" "fastFPS" "system.time" 
"<Anonymous>" "reconSVDcpp" "fastFantopeProj" "fastADMM" "fastFPS" "system.time" 
"eigen" "fastFantopeProj" "fastADMM" "fastFPS" "system.time" 
"eigen" "fastFantopeProj" "fastADMM" "fastFPS" "system.time" 
"sign" "softThreshold" "fastADMM" "fastFPS" "system.time" 
".Call" "eigs.real_sym" "eigs_sym" "fastFantopeProj" "fastADMM" "fastFPS" "system.time" 
"eigen" "fastFantopeProj" "fastADMM" "fastFPS" "system.time" 
"pmax" "softThreshold" "fastADMM" "fastFPS" "system.time" 
"eigen" "fastFantopeProj" "fastADMM" "fastFPS" "system.time" 
"eigen" "fastFantopeProj" "fastADMM" "fastFPS" "system.time" 
"abs" "pmax" "softThreshold" "fastADMM" "fastFPS" "system.time" 
"eigen" "fastFantopeProj" "fastADMM" "fastFPS" "system.time" 
"eigen" "fastFantopeProj" "fastADMM" "fastFPS" "system.time" 
"sign" "softThreshold" "fastADMM" "fastFPS" "system.time" 
".Call" "eigs.real_sym" "eigs_sym" "fastFantopeProj" "fastADMM" "fastFPS" "system.time" 
"eigen" "fastFantopeProj" "fastADMM" "fastFPS" "system.time" 
"/" "nrow" "fastFantopeProj" "fastADMM" "fastFPS" "system.time" 
".Call" "eigs.real_sym" "eigs_sym" "fastFantopeProj" "fastADMM" "fastFPS" "system.time" 
"eigen" "fastFantopeProj" "fastADMM" "fastFPS" "system.time" 
"/" "nrow" "fastFantopeProj" "fastADMM" "fastFPS" "system.time" 
"eigen" "fastFantopeProj" "fastADMM" "fastFPS" "system.time" 
"eigen" "fastFantopeProj" "fastADMM" "fastFPS" "system.time" 
"<Anonymous>" "reconSVDcpp" "fastFantopeProj" "fastADMM" "fastFPS" "system.time" 
".Call" "eigs.real_sym" "eigs_sym" "fastFantopeProj" "fastADMM" "fastFPS" "system.time" 
"eigen" "fastFantopeProj" "fastADMM" "fastFPS" "system.time" 
"eigen" "fastFantopeProj" "fastADMM" "fastFPS" "system.time" 
"eigen" "fastFantopeProj" "fastADMM" "fastFPS" "system.time" 
"<Anonymous>" "reconSVDcpp" "fastFantopeProj" "fastADMM" "fastFPS" "system.time" 
"eigen" "fastFantopeProj" "fastADMM" "fastFPS" "system.time" 
"eigen" "fastFantopeProj" "fastADMM" "fastFPS" "system.time" 
"mostattributes<-" "pmax" "softThreshold" "fastADMM" "fastFPS" "system.time" 
"eigen" "fastFantopeProj" "fastADMM" "fastFPS" "system.time" 
"+" "nrow" "fastFantopeProj" "fastADMM" "fastFPS" "system.time" 
".Call" "eigs.real_sym" "eigs_sym" "fastFantopeProj" "fastADMM" "fastFPS" "system.time" 
"eigen" "fastFantopeProj" "fastADMM" "fastFPS" "system.time" 
"+" "fastADMM" "fastFPS" "system.time" 
"getTheta" "fastFantopeProj" "fastADMM" "fastFPS" "system.time" 
"eigen" "fastFantopeProj" "fastADMM" "fastFPS" "system.time" 
"+" "fastADMM" "fastFPS" "system.time" 
".Call" "eigs.real_sym" "eigs_sym" "fastFantopeProj" "fastADMM" "fastFPS" "system.time" 
"+" "fastADMM" "fastFPS" "system.time" 
"+" "fastADMM" "fastFPS" "system.time" 
"+" "fastADMM" "fastFPS" "system.time" 
"+" "fastADMM" "fastFPS" "system.time" 
"+" "fastADMM" "fastFPS" "system.time" 
"eigen" "fastFantopeProj" "fastADMM" "fastFPS" "system.time" 
"/" "nrow" "fastFantopeProj" "fastADMM" "fastFPS" "system.time" 
".Call" "eigs.real_sym" "eigs_sym" "fastFantopeProj" "fastADMM" "fastFPS" "system.time" 
"eigen" "fastFantopeProj" "fastADMM" "fastFPS" "system.time" 
".Call" "eigs.real_sym" "eigs_sym" "fastFantopeProj" "fastADMM" "fastFPS" "system.time" 
"eigen" "fastFantopeProj" "fastADMM" "fastFPS" "system.time" 
"<Anonymous>" "reconSVDcpp" "fastFantopeProj" "fastADMM" "fastFPS" "system.time" 
"eigen" "fastFantopeProj" "fastADMM" "fastFPS" "system.time" 
"eigen" "fastFantopeProj" "fastADMM" "fastFPS" "system.time" 
".Call" "eigs.real_sym" "eigs_sym" "fastFantopeProj" "fastADMM" "fastFPS" "system.time" 
"eigen" "fastFantopeProj" "fastADMM" "fastFPS" "system.time" 
"-" "nrow" "fastFantopeProj" "fastADMM" "fastFPS" "system.time" 
".Call" "eigs.real_sym" "eigs_sym" "fastFantopeProj" "fastADMM" "fastFPS" "system.time" 
"eigen" "fastFantopeProj" "fastADMM" "fastFPS" "system.time" 
"-" "fastADMM" "fastFPS" "system.time" 
".Call" "eigs.real_sym" "eigs_sym" "fastFantopeProj" "fastADMM" "fastFPS" "system.time" 
"eigen" "fastFantopeProj" "fastADMM" "fastFPS" "system.time" 
"mostattributes<-" "pmax" "softThreshold" "fastADMM" "fastFPS" "system.time" 
"eigs.real_sym" "eigs_sym" "fastFantopeProj" "fastADMM" "fastFPS" "system.time" 
"eigen" "fastFantopeProj" "fastADMM" "fastFPS" "system.time" 
"mostattributes<-" "pmax" "softThreshold" "fastADMM" "fastFPS" "system.time" 
".Call" "eigs.real_sym" "eigs_sym" "fastFantopeProj" "fastADMM" "fastFPS" "system.time" 
"eigen" "fastFantopeProj" "fastADMM" "fastFPS" "system.time" 
"eigen" "fastFantopeProj" "fastADMM" "fastFPS" "system.time" 
".Call" "eigs.real_sym" "eigs_sym" "fastFantopeProj" "fastADMM" "fastFPS" "system.time" 
"eigen" "fastFantopeProj" "fastADMM" "fastFPS" "system.time" 
"-" "nrow" "fastFantopeProj" "fastADMM" "fastFPS" "system.time" 
"<Anonymous>" "reconSVDcpp" "fastFantopeProj" "fastADMM" "fastFPS" "system.time" 
"eigen" "fastFantopeProj" "fastADMM" "fastFPS" "system.time" 
"mostattributes<-" "pmax" "softThreshold" "fastADMM" "fastFPS" "system.time" 
".Call" "eigs.real_sym" "eigs_sym" "fastFantopeProj" "fastADMM" "fastFPS" "system.time" 
"eigen" "fastFantopeProj" "fastADMM" "fastFPS" "system.time" 
"<Anonymous>" "reconSVDcpp" "fastFantopeProj" "fastADMM" "fastFPS" "system.time" 
"eigen" "fastFantopeProj" "fastADMM" "fastFPS" "system.time" 
"eigen" "fastFantopeProj" "fastADMM" "fastFPS" "system.time" 
"<Anonymous>" "reconSVDcpp" "fastFantopeProj" "fastADMM" "fastFPS" "system.time" 
"eigen" "fastFantopeProj" "fastADMM" "fastFPS" "system.time" 
"mostattributes<-" "pmax" "softThreshold" "fastADMM" "fastFPS" "system.time" 
"eigen" "fastFantopeProj" "fastADMM" "fastFPS" "system.time" 
"eigen" "fastFantopeProj" "fastADMM" "fastFPS" "system.time" 
"<Anonymous>" "reconSVDcpp" "fastFantopeProj" "fastADMM" "fastFPS" "system.time" 
".Call" "eigs.real_sym" "eigs_sym" "fastFantopeProj" "fastADMM" "fastFPS" "system.time" 
"eigen" "fastFantopeProj" "fastADMM" "fastFPS" "system.time" 
"mostattributes<-" "pmax" "softThreshold" "fastADMM" "fastFPS" "system.time" 
"eigen" "fastFantopeProj" "fastADMM" "fastFPS" "system.time" 
"..2dge" "<Anonymous>" "standardGeneric" "<Anonymous>" "fastADMM" "fastFPS" "system.time" 
"eigen" "fastFantopeProj" "fastADMM" "fastFPS" "system.time" 
"eigen" "fastFantopeProj" "fastADMM" "fastFPS" "system.time" 
".Call" "eigs.real_sym" "eigs_sym" "fastFantopeProj" "fastADMM" "fastFPS" "system.time" 
"eigen" "fastFantopeProj" "fastADMM" "fastFPS" "system.time" 
"+" "softThreshold" "fastADMM" "fastFPS" "system.time" 
"eigen" "fastFantopeProj" "fastADMM" "fastFPS" "system.time" 
"/" "nrow" "fastFantopeProj" "fastADMM" "fastFPS" "system.time" 
".Call" "eigs.real_sym" "eigs_sym" "fastFantopeProj" "fastADMM" "fastFPS" "system.time" 
"is.finite" "eigen" "fastFantopeProj" "fastADMM" "fastFPS" "system.time" 
".Call" "eigs.real_sym" "eigs_sym" "fastFantopeProj" "fastADMM" "fastFPS" "system.time" 
"eigen" "fastFantopeProj" "fastADMM" "fastFPS" "system.time" 
".Call" "eigs.real_sym" "eigs_sym" "fastFantopeProj" "fastADMM" "fastFPS" "system.time" 
"eigen" "fastFantopeProj" "fastADMM" "fastFPS" "system.time" 
"mostattributes<-" "pmax" "softThreshold" "fastADMM" "fastFPS" "system.time" 
"eigen" "fastFantopeProj" "fastADMM" "fastFPS" "system.time" 
"is.finite" "eigen" "fastFantopeProj" "fastADMM" "fastFPS" "system.time" 
".Call" "eigs.real_sym" "eigs_sym" "fastFantopeProj" "fastADMM" "fastFPS" "system.time" 
".Call" "eigs.real_sym" "eigs_sym" "fastFantopeProj" "fastADMM" "fastFPS" "system.time" 
"/" "nrow" "fastFantopeProj" "fastADMM" "fastFPS" "system.time" 
".Call" "eigs.real_sym" "eigs_sym" "fastFantopeProj" "fastADMM" "fastFPS" "system.time" 
"eigen" "fastFantopeProj" "fastADMM" "fastFPS" "system.time" 
"pmax" "softThreshold" "fastADMM" "fastFPS" "system.time" 
".Call" "eigs.real_sym" "eigs_sym" "fastFantopeProj" "fastADMM" "fastFPS" "system.time" 
"eigen" "fastFantopeProj" "fastADMM" "fastFPS" "system.time" 
"<Anonymous>" "reconSVDcpp" "fastFantopeProj" "fastADMM" "fastFPS" "system.time" 
"eigen" "fastFantopeProj" "fastADMM" "fastFPS" "system.time" 
"<Anonymous>" "reconSVDcpp" "fastFantopeProj" "fastADMM" "fastFPS" "system.time" 
"eigen" "fastFantopeProj" "fastADMM" "fastFPS" "system.time" 
"..2dge" "<Anonymous>" "standardGeneric" "<Anonymous>" "fastADMM" "fastFPS" "system.time" 
"as.list" "eigs.real_sym" "eigs_sym" "fastFantopeProj" "fastADMM" "fastFPS" "system.time" 
"eigen" "fastFantopeProj" "fastADMM" "fastFPS" "system.time" 
"<Anonymous>" "reconSVDcpp" "fastFantopeProj" "fastADMM" "fastFPS" "system.time" 
"eigen" "fastFantopeProj" "fastADMM" "fastFPS" "system.time" 
"pmax" "softThreshold" "fastADMM" "fastFPS" "system.time" 
".Call" "eigs.real_sym" "eigs_sym" "fastFantopeProj" "fastADMM" "fastFPS" "system.time" 
"eigen" "fastFantopeProj" "fastADMM" "fastFPS" "system.time" 
"<Anonymous>" "reconSVDcpp" "fastFantopeProj" "fastADMM" "fastFPS" "system.time" 
"eigen" "fastFantopeProj" "fastADMM" "fastFPS" "system.time" 
"sign" "softThreshold" "fastADMM" "fastFPS" "system.time" 
".Call" "eigs.real_sym" "eigs_sym" "fastFantopeProj" "fastADMM" "fastFPS" "system.time" 
"eigen" "fastFantopeProj" "fastADMM" "fastFPS" "system.time" 
"<Anonymous>" "reconSVDcpp" "fastFantopeProj" "fastADMM" "fastFPS" "system.time" 
"eigen" "fastFantopeProj" "fastADMM" "fastFPS" "system.time" 
"<Anonymous>" "reconSVDcpp" "fastFantopeProj" "fastADMM" "fastFPS" "system.time" 
"eigen" "fastFantopeProj" "fastADMM" "fastFPS" "system.time" 
".Call" "eigs.real_sym" "eigs_sym" "fastFantopeProj" "fastADMM" "fastFPS" "system.time" 
"eigen" "fastFantopeProj" "fastADMM" "fastFPS" "system.time" 
"mostattributes<-" "pmax" "softThreshold" "fastADMM" "fastFPS" "system.time" 
"eigen" "fastFantopeProj" "fastADMM" "fastFPS" "system.time" 
"mostattributes<-" "pmax" "softThreshold" "fastADMM" "fastFPS" "system.time" 
".Call" "eigs.real_sym" "eigs_sym" "fastFantopeProj" "fastADMM" "fastFPS" "system.time" 
"eigen" "fastFantopeProj" "fastADMM" "fastFPS" "system.time" 
"<Anonymous>" "reconSVDcpp" "fastFantopeProj" "fastADMM" "fastFPS" "system.time" 
"pmax" "softThreshold" "fastADMM" "fastFPS" "system.time" 
"pmax" "softThreshold" "fastADMM" "fastFPS" "system.time" 
"pmax" "softThreshold" "fastADMM" "fastFPS" "system.time" 
"pmax" "softThreshold" "fastADMM" "fastFPS" "system.time" 
"pmax" "softThreshold" "fastADMM" "fastFPS" "system.time" 
"eigen" "fastFantopeProj" "fastADMM" "fastFPS" "system.time" 
"sign" "softThreshold" "fastADMM" "fastFPS" "system.time" 
"eigen" "fastFantopeProj" "fastADMM" "fastFPS" "system.time" 
"..2dge" "<Anonymous>" "standardGeneric" "<Anonymous>" "fastADMM" "fastFPS" "system.time" 
".Call" "eigs.real_sym" "eigs_sym" "fastFantopeProj" "fastADMM" "fastFPS" "system.time" 
"eigen" "fastFantopeProj" "fastADMM" "fastFPS" "system.time" 
"mostattributes<-" "pmax" "softThreshold" "fastADMM" "fastFPS" "system.time" 
"eigen" "fastFantopeProj" "fastADMM" "fastFPS" "system.time" 
"mostattributes<-" "pmax" "softThreshold" "fastADMM" "fastFPS" "system.time" 
"which" "getTheta" "fastFantopeProj" "fastADMM" "fastFPS" "system.time" 
"is.finite" "eigen" "fastFantopeProj" "fastADMM" "fastFPS" "system.time" 
".Call" "eigs.real_sym" "eigs_sym" "fastFantopeProj" "fastADMM" "fastFPS" "system.time" 
"eigen" "fastFantopeProj" "fastADMM" "fastFPS" "system.time" 
".Call" "eigs.real_sym" "eigs_sym" "fastFantopeProj" "fastADMM" "fastFPS" "system.time" 
"eigen" "fastFantopeProj" "fastADMM" "fastFPS" "system.time" 
"<Anonymous>" "reconSVDcpp" "fastFantopeProj" "fastADMM" "fastFPS" "system.time" 
"nrow" "fastFantopeProj" "fastADMM" "fastFPS" "system.time" 
"eigen" "fastFantopeProj" "fastADMM" "fastFPS" "system.time" 
"..2dge" "<Anonymous>" "standardGeneric" "<Anonymous>" "fastADMM" "fastFPS" "system.time" 
".Call" "eigs.real_sym" "eigs_sym" "fastFantopeProj" "fastADMM" "fastFPS" "system.time" 
"eigen" "fastFantopeProj" "fastADMM" "fastFPS" "system.time" 
"pmax" "softThreshold" "fastADMM" "fastFPS" "system.time" 
".Call" "eigs.real_sym" "eigs_sym" "fastFantopeProj" "fastADMM" "fastFPS" "system.time" 
"eigen" "fastFantopeProj" "fastADMM" "fastFPS" "system.time" 
"-" "nrow" "fastFantopeProj" "fastADMM" "fastFPS" "system.time" 
"eigen" "fastFantopeProj" "fastADMM" "fastFPS" "system.time" 
"eigen" "fastFantopeProj" "fastADMM" "fastFPS" "system.time" 
"sign" "softThreshold" "fastADMM" "fastFPS" "system.time" 
"eigen" "fastFantopeProj" "fastADMM" "fastFPS" "system.time" 
"<Anonymous>" "reconSVDcpp" "fastFantopeProj" "fastADMM" "fastFPS" "system.time" 
"eigen" "fastFantopeProj" "fastADMM" "fastFPS" "system.time" 
"-" "standardGeneric" "<Anonymous>" "fastADMM" "fastFPS" "system.time" 
"eigen" "fastFantopeProj" "fastADMM" "fastFPS" "system.time" 
"eigen" "fastFantopeProj" "fastADMM" "fastFPS" "system.time" 
"<Anonymous>" "reconSVDcpp" "fastFantopeProj" "fastADMM" "fastFPS" "system.time" 
"eigen" "fastFantopeProj" "fastADMM" "fastFPS" "system.time" 
"-" "standardGeneric" "<Anonymous>" "fastADMM" "fastFPS" "system.time" 
"eigen" "fastFantopeProj" "fastADMM" "fastFPS" "system.time" 
"eigen" "fastFantopeProj" "fastADMM" "fastFPS" "system.time" 
"<Anonymous>" "reconSVDcpp" "fastFantopeProj" "fastADMM" "fastFPS" "system.time" 
"eigen" "fastFantopeProj" "fastADMM" "fastFPS" "system.time" 
"-" "nrow" "fastFantopeProj" "fastADMM" "fastFPS" "system.time" 
"<Anonymous>" "reconSVDcpp" "fastFantopeProj" "fastADMM" "fastFPS" "system.time" 
".Call" "eigs.real_sym" "eigs_sym" "fastFantopeProj" "fastADMM" "fastFPS" "system.time" 
"eigen" "fastFantopeProj" "fastADMM" "fastFPS" "system.time" 
"eigen" "fastFantopeProj" "fastADMM" "fastFPS" "system.time" 
"mostattributes<-" "pmax" "softThreshold" "fastADMM" "fastFPS" "system.time" 
"<Anonymous>" "reconSVDcpp" "fastFantopeProj" "fastADMM" "fastFPS" "system.time" 
"eigen" "fastFantopeProj" "fastADMM" "fastFPS" "system.time" 
"eigen" "fastFantopeProj" "fastADMM" "fastFPS" "system.time" 
"is.finite" "eigen" "fastFantopeProj" "fastADMM" "fastFPS" "system.time" 
"<Anonymous>" "reconSVDcpp" "fastFantopeProj" "fastADMM" "fastFPS" "system.time" 
"eigen" "fastFantopeProj" "fastADMM" "fastFPS" "system.time" 
"mostattributes<-" "pmax" "softThreshold" "fastADMM" "fastFPS" "system.time" 
".Call" "eigs.real_sym" "eigs_sym" "fastFantopeProj" "fastADMM" "fastFPS" "system.time" 
"eigen" "fastFantopeProj" "fastADMM" "fastFPS" "system.time" 
"abs" "pmax" "softThreshold" "fastADMM" "fastFPS" "system.time" 
"eigen" "fastFantopeProj" "fastADMM" "fastFPS" "system.time" 
"eigen" "fastFantopeProj" "fastADMM" "fastFPS" "system.time" 
"sign" "softThreshold" "fastADMM" "fastFPS" "system.time" 
"getTheta" "fastFantopeProj" "fastADMM" "fastFPS" "system.time" 
"eigen" "fastFantopeProj" "fastADMM" "fastFPS" "system.time" 
"-" "standardGeneric" "<Anonymous>" "fastADMM" "fastFPS" "system.time" 
"/" "nrow" "fastFantopeProj" "fastADMM" "fastFPS" "system.time" 
"/" "nrow" "fastFantopeProj" "fastADMM" "fastFPS" "system.time" 
"/" "nrow" "fastFantopeProj" "fastADMM" "fastFPS" "system.time" 
"/" "nrow" "fastFantopeProj" "fastADMM" "fastFPS" "system.time" 
"/" "nrow" "fastFantopeProj" "fastADMM" "fastFPS" "system.time" 
"eigen" "fastFantopeProj" "fastADMM" "fastFPS" "system.time" 
"..2dge" "<Anonymous>" "standardGeneric" "<Anonymous>" "fastADMM" "fastFPS" "system.time" 
"eigen" "fastFantopeProj" "fastADMM" "fastFPS" "system.time" 
"is.finite" "eigen" "fastFantopeProj" "fastADMM" "fastFPS" "system.time" 
"<Anonymous>" "reconSVDcpp" "fastFantopeProj" "fastADMM" "fastFPS" "system.time" 
"eigen" "fastFantopeProj" "fastADMM" "fastFPS" "system.time" 
"eigen" "fastFantopeProj" "fastADMM" "fastFPS" "system.time" 
"<Anonymous>" "reconSVDcpp" "fastFantopeProj" "fastADMM" "fastFPS" "system.time" 
"eigen" "fastFantopeProj" "fastADMM" "fastFPS" "system.time" 
"eigen" "fastFantopeProj" "fastADMM" "fastFPS" "system.time" 
"eigen" "fastFantopeProj" "fastADMM" "fastFPS" "system.time" 
"eigen" "fastFantopeProj" "fastADMM" "fastFPS" "system.time" 
"eigen" "fastFantopeProj" "fastADMM" "fastFPS" "system.time" 
"eigen" "fastFantopeProj" "fastADMM" "fastFPS" "system.time" 
"<Anonymous>" "reconSVDcpp" "fastFantopeProj" "fastADMM" "fastFPS" "system.time" 
"eigen" "fastFantopeProj" "fastADMM" "fastFPS" "system.time" 
"eigen" "fastFantopeProj" "fastADMM" "fastFPS" "system.time" 
".Call" "eigs.real_sym" "eigs_sym" "fastFantopeProj" "fastADMM" "fastFPS" "system.time" 
"eigen" "fastFantopeProj" "fastADMM" "fastFPS" "system.time" 
"sign" "softThreshold" "fastADMM" "fastFPS" "system.time" 
"eigen" "fastFantopeProj" "fastADMM" "fastFPS" "system.time" 
"-" "fastADMM" "fastFPS" "system.time" 
"eigen" "fastFantopeProj" "fastADMM" "fastFPS" "system.time" 
"eigen" "fastFantopeProj" "fastADMM" "fastFPS" "system.time" 
"<Anonymous>" "reconSVDcpp" "fastFantopeProj" "fastADMM" "fastFPS" "system.time" 
"eigen" "fastFantopeProj" "fastADMM" "fastFPS" "system.time" 
"eigen" "fastFantopeProj" "fastADMM" "fastFPS" "system.time" 
"-" "standardGeneric" "<Anonymous>" "fastADMM" "fastFPS" "system.time" 
"eigen" "fastFantopeProj" "fastADMM" "fastFPS" "system.time" 
"eigen" "fastFantopeProj" "fastADMM" "fastFPS" "system.time" 
"eigen" "fastFantopeProj" "fastADMM" "fastFPS" "system.time" 
"eigen" "fastFantopeProj" "fastADMM" "fastFPS" "system.time" 
"sign" "softThreshold" "fastADMM" "fastFPS" "system.time" 
".Call" "eigs.real_sym" "eigs_sym" "fastFantopeProj" "fastADMM" "fastFPS" "system.time" 
"eigen" "fastFantopeProj" "fastADMM" "fastFPS" "system.time" 
"-" "nrow" "fastFantopeProj" "fastADMM" "fastFPS" "system.time" 
".Call" "eigs.real_sym" "eigs_sym" "fastFantopeProj" "fastADMM" "fastFPS" "system.time" 
"eigen" "fastFantopeProj" "fastADMM" "fastFPS" "system.time" 
"-" "standardGeneric" "<Anonymous>" "fastADMM" "fastFPS" "system.time" 
".Call" "eigs.real_sym" "eigs_sym" "fastFantopeProj" "fastADMM" "fastFPS" "system.time" 
"eigen" "fastFantopeProj" "fastADMM" "fastFPS" "system.time" 
"-" "nrow" "fastFantopeProj" "fastADMM" "fastFPS" "system.time" 
".Call" "eigs.real_sym" "eigs_sym" "fastFantopeProj" "fastADMM" "fastFPS" "system.time" 
"eigen" "fastFantopeProj" "fastADMM" "fastFPS" "system.time" 
"/" "nrow" "fastFantopeProj" "fastADMM" "fastFPS" "system.time" 
"<Anonymous>" "reconSVDcpp" "fastFantopeProj" "fastADMM" "fastFPS" "system.time" 
"eigen" "fastFantopeProj" "fastADMM" "fastFPS" "system.time" 
"is.finite" "eigen" "fastFantopeProj" "fastADMM" "fastFPS" "system.time" 
".Call" "eigs.real_sym" "eigs_sym" "fastFantopeProj" "fastADMM" "fastFPS" "system.time" 
"eigen" "fastFantopeProj" "fastADMM" "fastFPS" "system.time" 
".Call" "eigs.real_sym" "eigs_sym" "fastFantopeProj" "fastADMM" "fastFPS" "system.time" 
"eigen" "fastFantopeProj" "fastADMM" "fastFPS" "system.time" 
"-" "nrow" "fastFantopeProj" "fastADMM" "fastFPS" "system.time" 
".Call" "eigs.real_sym" "eigs_sym" "fastFantopeProj" "fastADMM" "fastFPS" "system.time" 
"eigen" "fastFantopeProj" "fastADMM" "fastFPS" "system.time" 
"<Anonymous>" "reconSVDcpp" "fastFantopeProj" "fastADMM" "fastFPS" "system.time" 
"eigen" "fastFantopeProj" "fastADMM" "fastFPS" "system.time" 
"eigen" "fastFantopeProj" "fastADMM" "fastFPS" "system.time" 
"<Anonymous>" "reconSVDcpp" "fastFantopeProj" "fastADMM" "fastFPS" "system.time" 
"eigen" "fastFantopeProj" "fastADMM" "fastFPS" "system.time" 
"-" "nrow" "fastFantopeProj" "fastADMM" "fastFPS" "system.time" 
"<Anonymous>" "reconSVDcpp" "fastFantopeProj" "fastADMM" "fastFPS" "system.time" 
"eigen" "fastFantopeProj" "fastADMM" "fastFPS" "system.time" 
"-" "standardGeneric" "<Anonymous>" "fastADMM" "fastFPS" "system.time" 
"eigen" "fastFantopeProj" "fastADMM" "fastFPS" "system.time" 
"-" "nrow" "fastFantopeProj" "fastADMM" "fastFPS" "system.time" 
".Call" "eigs.real_sym" "eigs_sym" "fastFantopeProj" "fastADMM" "fastFPS" "system.time" 
"eigen" "fastFantopeProj" "fastADMM" "fastFPS" "system.time" 
"*" "softThreshold" "fastADMM" "fastFPS" "system.time" 
"eigen" "fastFantopeProj" "fastADMM" "fastFPS" "system.time" 
"eigen" "fastFantopeProj" "fastADMM" "fastFPS" "system.time" 
"<Anonymous>" "reconSVDcpp" "fastFantopeProj" "fastADMM" "fastFPS" "system.time" 
"eigen" "fastFantopeProj" "fastADMM" "fastFPS" "system.time" 
"mostattributes<-" "pmax" "softThreshold" "fastADMM" "fastFPS" "system.time" 
".Call" "eigs.real_sym" "eigs_sym" "fastFantopeProj" "fastADMM" "fastFPS" "system.time" 
"eigen" "fastFantopeProj" "fastADMM" "fastFPS" "system.time" 
"<Anonymous>" "standardGeneric" "<Anonymous>" "fastADMM" "fastFPS" "system.time" 
"<Anonymous>" "reconSVDcpp" "fastFantopeProj" "fastADMM" "fastFPS" "system.time" 
"eigen" "fastFantopeProj" "fastADMM" "fastFPS" "system.time" 
"eigen" "fastFantopeProj" "fastADMM" "fastFPS" "system.time" 
"<Anonymous>" "reconSVDcpp" "fastFantopeProj" "fastADMM" "fastFPS" "system.time" 
"eigen" "fastFantopeProj" "fastADMM" "fastFPS" "system.time" 
"eigen" "fastFantopeProj" "fastADMM" "fastFPS" "system.time" 
"-" "standardGeneric" "<Anonymous>" "fastADMM" "fastFPS" "system.time" 
".Call" "eigs.real_sym" "eigs_sym" "fastFantopeProj" "fastADMM" "fastFPS" "system.time" 
"eigen" "fastFantopeProj" "fastADMM" "fastFPS" "system.time" 
"mostattributes<-" "pmax" "softThreshold" "fastADMM" "fastFPS" "system.time" 
".Call" "eigs.real_sym" "eigs_sym" "fastFantopeProj" "fastADMM" "fastFPS" "system.time" 
"+" "softThreshold" "fastADMM" "fastFPS" "system.time" 
"+" "softThreshold" "fastADMM" "fastFPS" "system.time" 
"+" "softThreshold" "fastADMM" "fastFPS" "system.time" 
"+" "softThreshold" "fastADMM" "fastFPS" "system.time" 
"+" "softThreshold" "fastADMM" "fastFPS" "system.time" 
"eigen" "fastFantopeProj" "fastADMM" "fastFPS" "system.time" 
"-" "standardGeneric" "<Anonymous>" "fastADMM" "fastFPS" "system.time" 
".Call" "eigs.real_sym" "eigs_sym" "fastFantopeProj" "fastADMM" "fastFPS" "system.time" 
"eigen" "fastFantopeProj" "fastADMM" "fastFPS" "system.time" 
"pmax" "softThreshold" "fastADMM" "fastFPS" "system.time" 
"eigen" "fastFantopeProj" "fastADMM" "fastFPS" "system.time" 
"eigen" "fastFantopeProj" "fastADMM" "fastFPS" "system.time" 
"mostattributes<-" "pmax" "softThreshold" "fastADMM" "fastFPS" "system.time" 
"eigen" "fastFantopeProj" "fastADMM" "fastFPS" "system.time" 
"-" "standardGeneric" "<Anonymous>" "fastADMM" "fastFPS" "system.time" 
"eigen" "fastFantopeProj" "fastADMM" "fastFPS" "system.time" 
"eigen" "fastFantopeProj" "fastADMM" "fastFPS" "system.time" 
"mostattributes<-" "pmax" "softThreshold" "fastADMM" "fastFPS" "system.time" 
"eigs.real_sym" "eigs_sym" "fastFantopeProj" "fastADMM" "fastFPS" "system.time" 
"eigen" "fastFantopeProj" "fastADMM" "fastFPS" "system.time" 
"sign" "softThreshold" "fastADMM" "fastFPS" "system.time" 
".Call" "eigs.real_sym" "eigs_sym" "fastFantopeProj" "fastADMM" "fastFPS" "system.time" 
"eigen" "fastFantopeProj" "fastADMM" "fastFPS" "system.time" 
"+" "fastADMM" "fastFPS" "system.time" 
"eigen" "fastFantopeProj" "fastADMM" "fastFPS" "system.time" 
"-" "nrow" "fastFantopeProj" "fastADMM" "fastFPS" "system.time" 
"<Anonymous>" "reconSVDcpp" "fastFantopeProj" "fastADMM" "fastFPS" "system.time" 
"apply" "findActive" "fastFPS" "system.time" 
"eigen" "fastFantopeProj" "fastADMM" "fastFPS" "system.time" 
"+" "fastADMM" "fastFPS" "system.time" 
"eigen" "fastFantopeProj" "fastADMM" "fastFPS" "system.time" 
"-" "nrow" "fastFantopeProj" "fastADMM" "fastFPS" "system.time" 
".Call" "eigs.real_sym" "eigs_sym" "fastFantopeProj" "fastADMM" "fastFPS" "system.time" 
"eigen" "fastFantopeProj" "fastADMM" "fastFPS" "system.time" 
"mostattributes<-" "pmax" "softThreshold" "fastADMM" "fastFPS" "system.time" 
"eigen" "fastFantopeProj" "fastADMM" "fastFPS" "system.time" 
"eigen" "fastFantopeProj" "fastADMM" "fastFPS" "system.time" 
"eigen" "fastFantopeProj" "fastADMM" "fastFPS" "system.time" 
"<Anonymous>" "reconSVDcpp" "fastFantopeProj" "fastADMM" "fastFPS" "system.time" 
"eigen" "fastFantopeProj" "fastADMM" "fastFPS" "system.time" 
"eigen" "fastFantopeProj" "fastADMM" "fastFPS" "system.time" 
"<Anonymous>" "reconSVDcpp" "fastFantopeProj" "fastADMM" "fastFPS" "system.time" 
"eigen" "fastFantopeProj" "fastADMM" "fastFPS" "system.time" 
"-" "standardGeneric" "<Anonymous>" "fastADMM" "fastFPS" "system.time" 
"eigen" "fastFantopeProj" "fastADMM" "fastFPS" "system.time" 
"/" "nrow" "fastFantopeProj" "fastADMM" "fastFPS" "system.time" 
"eigen" "fastFantopeProj" "fastADMM" "fastFPS" "system.time" 
"eigen" "fastFantopeProj" "fastADMM" "fastFPS" "system.time" 
".Call" "eigs.real_sym" "eigs_sym" "fastFantopeProj" "fastADMM" "fastFPS" "system.time" 
"eigen" "fastFantopeProj" "fastADMM" "fastFPS" "system.time" 
"pmax" "softThreshold" "fastADMM" "fastFPS" "system.time" 
"eigen" "fastFantopeProj" "fastADMM" "fastFPS" "system.time" 
"-" "nrow" "fastFantopeProj" "fastADMM" "fastFPS" "system.time" 
"-" "which" "getTheta" "fastFantopeProj" "fastADMM" "fastFPS" "system.time" 
"eigen" "fastFantopeProj" "fastADMM" "fastFPS" "system.time" 
"eigen" "fastFantopeProj" "fastADMM" "fastFPS" "system.time" 
"-" "standardGeneric" "<Anonymous>" "fastADMM" "fastFPS" "system.time" 
".Call" "eigs.real_sym" "eigs_sym" "fastFantopeProj" "fastADMM" "fastFPS" "system.time" 
"eigen" "fastFantopeProj" "fastADMM" "fastFPS" "system.time" 
"is.finite" "eigen" "fastFantopeProj" "fastADMM" "fastFPS" "system.time" 
".Call" "eigs.real_sym" "eigs_sym" "fastFantopeProj" "fastADMM" "fastFPS" "system.time" 
"eigen" "fastFantopeProj" "fastADMM" "fastFPS" "system.time" 
"mostattributes<-" "pmax" "softThreshold" "fastADMM" "fastFPS" "system.time" 
"eigen" "fastFantopeProj" "fastADMM" "fastFPS" "system.time" 
"eigen" "fastFantopeProj" "fastADMM" "fastFPS" "system.time" 
"<Anonymous>" "reconSVDcpp" "fastFantopeProj" "fastADMM" "fastFPS" "system.time" 
"eigen" "fastFantopeProj" "fastADMM" "fastFPS" "system.time" 
"-" "standardGeneric" "<Anonymous>" "fastADMM" "fastFPS" "system.time" 
"eigen" "fastFantopeProj" "fastADMM" "fastFPS" "system.time" 
"eigen" "fastFantopeProj" "fastADMM" "fastFPS" "system.time" 
"..2dge" "<Anonymous>" "standardGeneric" "<Anonymous>" "fastADMM" "fastFPS" "system.time" 
".Call" "eigs.real_sym" "eigs_sym" "fastFantopeProj" "fastADMM" "fastFPS" "system.time" 
"is.finite" "eigen" "fastFantopeProj" "fastADMM" "fastFPS" "system.time" 
"is.finite" "eigen" "fastFantopeProj" "fastADMM" "fastFPS" "system.time" 
"is.finite" "eigen" "fastFantopeProj" "fastADMM" "fastFPS" "system.time" 
"is.finite" "eigen" "fastFantopeProj" "fastADMM" "fastFPS" "system.time" 
"is.finite" "eigen" "fastFantopeProj" "fastADMM" "fastFPS" "system.time" 
"eigen" "fastFantopeProj" "fastADMM" "fastFPS" "system.time" 
"*" "softThreshold" "fastADMM" "fastFPS" "system.time" 
"<Anonymous>" "reconSVDcpp" "fastFantopeProj" "fastADMM" "fastFPS" "system.time" 
"which" "getTheta" "fastFantopeProj" "fastADMM" "fastFPS" "system.time" 
"eigen" "fastFantopeProj" "fastADMM" "fastFPS" "system.time" 
"eigen" "fastFantopeProj" "fastADMM" "fastFPS" "system.time" 
"*" "softThreshold" "fastADMM" "fastFPS" "system.time" 
"eigen" "fastFantopeProj" "fastADMM" "fastFPS" "system.time" 
"eigen" "fastFantopeProj" "fastADMM" "fastFPS" "system.time" 
"<Anonymous>" "reconSVDcpp" "fastFantopeProj" "fastADMM" "fastFPS" "system.time" 
"eigen" "fastFantopeProj" "fastADMM" "fastFPS" "system.time" 
"<Anonymous>" "reconSVDcpp" "fastFantopeProj" "fastADMM" "fastFPS" "system.time" 
"eigen" "fastFantopeProj" "fastADMM" "fastFPS" "system.time" 
"is.finite" "eigen" "fastFantopeProj" "fastADMM" "fastFPS" "system.time" 
".Call" "eigs.real_sym" "eigs_sym" "fastFantopeProj" "fastADMM" "fastFPS" "system.time" 
"eigen" "fastFantopeProj" "fastADMM" "fastFPS" "system.time" 
"eigen" "fastFantopeProj" "fastADMM" "fastFPS" "system.time" 
"mostattributes<-" "pmax" "softThreshold" "fastADMM" "fastFPS" "system.time" 
".Call" "eigs.real_sym" "eigs_sym" "fastFantopeProj" "fastADMM" "fastFPS" "system.time" 
"eigen" "fastFantopeProj" "fastADMM" "fastFPS" "system.time" 
"mostattributes<-" "pmax" "softThreshold" "fastADMM" "fastFPS" "system.time" 
".Call" "eigs.real_sym" "eigs_sym" "fastFantopeProj" "fastADMM" "fastFPS" "system.time" 
"eigen" "fastFantopeProj" "fastADMM" "fastFPS" "system.time" 
"eigen" "fastFantopeProj" "fastADMM" "fastFPS" "system.time" 
"mostattributes<-" "pmax" "softThreshold" "fastADMM" "fastFPS" "system.time" 
".Call" "eigs.real_sym" "eigs_sym" "fastFantopeProj" "fastADMM" "fastFPS" "system.time" 
"eigen" "fastFantopeProj" "fastADMM" "fastFPS" "system.time" 
"eigen" "fastFantopeProj" "fastADMM" "fastFPS" "system.time" 
"-" "standardGeneric" "<Anonymous>" "fastADMM" "fastFPS" "system.time" 
"<Anonymous>" "reconSVDcpp" "fastFantopeProj" "fastADMM" "fastFPS" "system.time" 
"eigen" "fastFantopeProj" "fastADMM" "fastFPS" "system.time" 
"is.finite" "eigen" "fastFantopeProj" "fastADMM" "fastFPS" "system.time" 
"<Anonymous>" "reconSVDcpp" "fastFantopeProj" "fastADMM" "fastFPS" "system.time" 
"eigen" "fastFantopeProj" "fastADMM" "fastFPS" "system.time" 
"+" "fastADMM" "fastFPS" "system.time" 
"eigen" "fastFantopeProj" "fastADMM" "fastFPS" "system.time" 
"eigen" "fastFantopeProj" "fastADMM" "fastFPS" "system.time" 
"pmax" "softThreshold" "fastADMM" "fastFPS" "system.time" 
".Call" "eigs.real_sym" "eigs_sym" "fastFantopeProj" "fastADMM" "fastFPS" "system.time" 
"eigen" "fastFantopeProj" "fastADMM" "fastFPS" "system.time" 
"-" "standardGeneric" "<Anonymous>" "fastADMM" "fastFPS" "system.time" 
".Call" "eigs.real_sym" "eigs_sym" "fastFantopeProj" "fastADMM" "fastFPS" "system.time" 
"eigen" "fastFantopeProj" "fastADMM" "fastFPS" "system.time" 
"eigen" "fastFantopeProj" "fastADMM" "fastFPS" "system.time" 
"<Anonymous>" "reconSVDcpp" "fastFantopeProj" "fastADMM" "fastFPS" "system.time" 
".Call" "eigs.real_sym" "eigs_sym" "fastFantopeProj" "fastADMM" "fastFPS" "system.time" 
"eigen" "fastFantopeProj" "fastADMM" "fastFPS" "system.time" 
"<Anonymous>" "standardGeneric" "<Anonymous>" "fastADMM" "fastFPS" "system.time" 
"eigen" "fastFantopeProj" "fastADMM" "fastFPS" "system.time" 
"eigen" "fastFantopeProj" "fastADMM" "fastFPS" "system.time" 
"pmax" "softThreshold" "fastADMM" "fastFPS" "system.time" 
"eigen" "fastFantopeProj" "fastADMM" "fastFPS" "system.time" 
"-" "standardGeneric" "<Anonymous>" "fastADMM" "fastFPS" "system.time" 
"eigen" "fastFantopeProj" "fastADMM" "fastFPS" "system.time" 
"eigen" "fastFantopeProj" "fastADMM" "fastFPS" "system.time" 
"<Anonymous>" "reconSVDcpp" "fastFantopeProj" "fastADMM" "fastFPS" "system.time" 
"eigen" "fastFantopeProj" "fastADMM" "fastFPS" "system.time" 
"mostattributes<-" "pmax" "softThreshold" "fastADMM" "fastFPS" "system.time" 
"eigen" "fastFantopeProj" "fastADMM" "fastFPS" "system.time" 
"eigen" "fastFantopeProj" "fastADMM" "fastFPS" "system.time" 
".Call" "eigs.real_sym" "eigs_sym" "fastFantopeProj" "fastADMM" "fastFPS" "system.time" 
"eigen" "fastFantopeProj" "fastADMM" "fastFPS" "system.time" 
"eigen" "fastFantopeProj" "fastADMM" "fastFPS" "system.time" 
"..2dge" "<Anonymous>" "standardGeneric" "<Anonymous>" "fastADMM" "fastFPS" "system.time" 
"eigen" "fastFantopeProj" "fastADMM" "fastFPS" "system.time" 
"eigen" "fastFantopeProj" "fastADMM" "fastFPS" "system.time" 
"mostattributes<-" "pmax" "softThreshold" "fastADMM" "fastFPS" "system.time" 
".Call" "eigs.real_sym" "eigs_sym" "fastFantopeProj" "fastADMM" "fastFPS" "system.time" 
"eigen" "fastFantopeProj" "fastADMM" "fastFPS" "system.time" 
"-" "nrow" "fastFantopeProj" "fastADMM" "fastFPS" "system.time" 
"<Anonymous>" "reconSVDcpp" "fastFantopeProj" "fastADMM" "fastFPS" "system.time" 
"eigen" "fastFantopeProj" "fastADMM" "fastFPS" "system.time" 
"..2dge" "<Anonymous>" "standardGeneric" "<Anonymous>" "fastADMM" "fastFPS" "system.time" 
"eigen" "fastFantopeProj" "fastADMM" "fastFPS" "system.time" 
"eigen" "fastFantopeProj" "fastADMM" "fastFPS" "system.time" 
"<Anonymous>" "reconSVDcpp" "fastFantopeProj" "fastADMM" "fastFPS" "system.time" 
"eigen" "fastFantopeProj" "fastADMM" "fastFPS" "system.time" 
"pmax" "softThreshold" "fastADMM" "fastFPS" "system.time" 
"pmax" "softThreshold" "fastADMM" "fastFPS" "system.time" 
"pmax" "softThreshold" "fastADMM" "fastFPS" "system.time" 
"pmax" "softThreshold" "fastADMM" "fastFPS" "system.time" 
"pmax" "softThreshold" "fastADMM" "fastFPS" "system.time" 
"eigen" "fastFantopeProj" "fastADMM" "fastFPS" "system.time" 
"+" "fastADMM" "fastFPS" "system.time" 
".Call" "eigs.real_sym" "eigs_sym" "fastFantopeProj" "fastADMM" "fastFPS" "system.time" 
"eigen" "fastFantopeProj" "fastADMM" "fastFPS" "system.time" 
"..2dge" "<Anonymous>" "standardGeneric" "<Anonymous>" "fastADMM" "fastFPS" "system.time" 
".Call" "eigs.real_sym" "eigs_sym" "fastFantopeProj" "fastADMM" "fastFPS" "system.time" 
"eigen" "fastFantopeProj" "fastADMM" "fastFPS" "system.time" 
"eigen" "fastFantopeProj" "fastADMM" "fastFPS" "system.time" 
".Call" "eigs.real_sym" "eigs_sym" "fastFantopeProj" "fastADMM" "fastFPS" "system.time" 
"eigen" "fastFantopeProj" "fastADMM" "fastFPS" "system.time" 
"eigen" "fastFantopeProj" "fastADMM" "fastFPS" "system.time" 
"sign" "softThreshold" "fastADMM" "fastFPS" "system.time" 
"eigen" "fastFantopeProj" "fastADMM" "fastFPS" "system.time" 
"..2dge" "<Anonymous>" "standardGeneric" "<Anonymous>" "fastADMM" "fastFPS" "system.time" 
"eigen" "fastFantopeProj" "fastADMM" "fastFPS" "system.time" 
"eigen" "fastFantopeProj" "fastADMM" "fastFPS" "system.time" 
"<Anonymous>" "reconSVDcpp" "fastFantopeProj" "fastADMM" "fastFPS" "system.time" 
"eigen" "fastFantopeProj" "fastADMM" "fastFPS" "system.time" 
"..2dge" "<Anonymous>" "standardGeneric" "<Anonymous>" "fastADMM" "fastFPS" "system.time" 
"eigen" "fastFantopeProj" "fastADMM" "fastFPS" "system.time" 
"eigen" "fastFantopeProj" "fastADMM" "fastFPS" "system.time" 
"-" "standardGeneric" "<Anonymous>" "fastADMM" "fastFPS" "system.time" 
"eigen" "fastFantopeProj" "fastADMM" "fastFPS" "system.time" 
"eigen" "fastFantopeProj" "fastADMM" "fastFPS" "system.time" 
"<Anonymous>" "reconSVDcpp" "fastFantopeProj" "fastADMM" "fastFPS" "system.time" 
"eigen" "fastFantopeProj" "fastADMM" "fastFPS" "system.time" 
"eigen" "fastFantopeProj" "fastADMM" "fastFPS" "system.time" 
"eigen" "fastFantopeProj" "fastADMM" "fastFPS" "system.time" 
"*" "softThreshold" "fastADMM" "fastFPS" "system.time" 
"eigen" "fastFantopeProj" "fastADMM" "fastFPS" "system.time" 
"abs" "is.data.frame" "rowSums" "fastFPS" "system.time" 
"eigen" "fastFantopeProj" "fastADMM" "fastFPS" "system.time" 
"abs" "pmax" "softThreshold" "fastADMM" "fastFPS" "system.time" 
"eigen" "fastFantopeProj" "fastADMM" "fastFPS" "system.time" 
"-" "standardGeneric" "<Anonymous>" "fastADMM" "fastFPS" "system.time" 
"eigen" "fastFantopeProj" "fastADMM" "fastFPS" "system.time" 
"..2dge" "<Anonymous>" "standardGeneric" "<Anonymous>" "fastADMM" "fastFPS" "system.time" 
".Call" "eigs.real_sym" "eigs_sym" "fastFantopeProj" "fastADMM" "fastFPS" "system.time" 
"eigen" "fastFantopeProj" "fastADMM" "fastFPS" "system.time" 
"eigen" "fastFantopeProj" "fastADMM" "fastFPS" "system.time" 
"<Anonymous>" "reconSVDcpp" "fastFantopeProj" "fastADMM" "fastFPS" "system.time" 
"eigen" "fastFantopeProj" "fastADMM" "fastFPS" "system.time" 
"eigen" "fastFantopeProj" "fastADMM" "fastFPS" "system.time" 
"sign" "softThreshold" "fastADMM" "fastFPS" "system.time" 
"eigen" "fastFantopeProj" "fastADMM" "fastFPS" "system.time" 
"eigen" "fastFantopeProj" "fastADMM" "fastFPS" "system.time" 
"..2dge" "<Anonymous>" "standardGeneric" "<Anonymous>" "fastADMM" "fastFPS" "system.time" 
"<Anonymous>" "reconSVDcpp" "fastFantopeProj" "fastADMM" "fastFPS" "system.time" 
"eigen" "fastFantopeProj" "fastADMM" "fastFPS" "system.time" 
"-" "standardGeneric" "<Anonymous>" "fastADMM" "fastFPS" "system.time" 
"eigen" "fastFantopeProj" "fastADMM" "fastFPS" "system.time" 
"eigen" "fastFantopeProj" "fastADMM" "fastFPS" "system.time" 
"mostattributes<-" "pmax" "softThreshold" "fastADMM" "fastFPS" "system.time" 
"eigen" "fastFantopeProj" "fastADMM" "fastFPS" "system.time" 
"eigen" "fastFantopeProj" "fastADMM" "fastFPS" "system.time" 
".Call" "eigs.real_sym" "eigs_sym" "fastFantopeProj" "fastADMM" "fastFPS" "system.time" 
"eigen" "fastFantopeProj" "fastADMM" "fastFPS" "system.time" 
"*" "softThreshold" "fastADMM" "fastFPS" "system.time" 
"eigen" "fastFantopeProj" "fastADMM" "fastFPS" "system.time" 
"eigen" "fastFantopeProj" "fastADMM" "fastFPS" "system.time" 
"eigen" "fastFantopeProj" "fastADMM" "fastFPS" "system.time" 
"eigen" "fastFantopeProj" "fastADMM" "fastFPS" "system.time" 
"eigen" "fastFantopeProj" "fastADMM" "fastFPS" "system.time" 
".Call" "eigs.real_sym" "eigs_sym" "fastFantopeProj" "fastADMM" "fastFPS" "system.time" 
"eigen" "fastFantopeProj" "fastADMM" "fastFPS" "system.time" 
"<Anonymous>" "reconSVDcpp" "fastFantopeProj" "fastADMM" "fastFPS" "system.time" 
"eigen" "fastFantopeProj" "fastADMM" "fastFPS" "system.time" 
"eigen" "fastFantopeProj" "fastADMM" "fastFPS" "system.time" 
"<Anonymous>" "reconSVDcpp" "fastFantopeProj" "fastADMM" "fastFPS" "system.time" 
"eigen" "fastFantopeProj" "fastADMM" "fastFPS" "system.time" 
"eigen" "fastFantopeProj" "fastADMM" "fastFPS" "system.time" 
"<Anonymous>" "reconSVDcpp" "fastFantopeProj" "fastADMM" "fastFPS" "system.time" 
"eigen" "fastFantopeProj" "fastADMM" "fastFPS" "system.time" 
"-" "nrow" "fastFantopeProj" "fastADMM" "fastFPS" "system.time" 
"<Anonymous>" "reconSVDcpp" "fastFantopeProj" "fastADMM" "fastFPS" "system.time" 
"eigen" "fastFantopeProj" "fastADMM" "fastFPS" "system.time" 
"mostattributes<-" "pmax" "softThreshold" "fastADMM" "fastFPS" "system.time" 
".Call" "eigs.real_sym" "eigs_sym" "fastFantopeProj" "fastADMM" "fastFPS" "system.time" 
"eigen" "fastFantopeProj" "fastADMM" "fastFPS" "system.time" 
"-" "fastADMM" "fastFPS" "system.time" 
"eigen" "fastFantopeProj" "fastADMM" "fastFPS" "system.time" 
"eigen" "fastFantopeProj" "fastADMM" "fastFPS" "system.time" 
"<Anonymous>" "reconSVDcpp" "fastFantopeProj" "fastADMM" "fastFPS" "system.time" 
"eigen" "fastFantopeProj" "fastADMM" "fastFPS" "system.time" 
"+" "nrow" "fastFantopeProj" "fastADMM" "fastFPS" "system.time" 
".Call" "eigs.real_sym" "eigs_sym" "fastFantopeProj" "fastADMM" "fastFPS" "system.time" 
"eigen" "fastFantopeProj" "fastADMM" "fastFPS" "system.time" 
"mostattributes<-" "pmax" "softThreshold" "fastADMM" "fastFPS" "system.time" 
"eigen" "fastFantopeProj" "fastADMM" "fastFPS" "system.time" 
"eigen" "fastFantopeProj" "fastADMM" "fastFPS" "system.time" 
"-" "nrow" "fastFantopeProj" "fastADMM" "fastFPS" "system.time" 
"<Anonymous>" "reconSVDcpp" "fastFantopeProj" "fastADMM" "fastFPS" "system.time" 
"eigen" "fastFantopeProj" "fastADMM" "fastFPS" "system.time" 
"-" "nrow" "fastFantopeProj" "fastADMM" "fastFPS" "system.time" 
"eigen" "fastFantopeProj" "fastADMM" "fastFPS" "system.time" 
"eigen" "fastFantopeProj" "fastADMM" "fastFPS" "system.time" 
"<Anonymous>" "reconSVDcpp" "fastFantopeProj" "fastADMM" "fastFPS" "system.time" 
"eigen" "fastFantopeProj" "fastADMM" "fastFPS" "system.time" 
"pmax" "softThreshold" "fastADMM" "fastFPS" "system.time" 
"eigen" "fastFantopeProj" "fastADMM" "fastFPS" "system.time" 
"eigen" "fastFantopeProj" "fastADMM" "fastFPS" "system.time" 
".Call" "eigs.real_sym" "eigs_sym" "fastFantopeProj" "fastADMM" "fastFPS" "system.time" 
"eigen" "fastFantopeProj" "fastADMM" "fastFPS" "system.time" 
"eigen" "fastFantopeProj" "fastADMM" "fastFPS" "system.time" 
"+" "softThreshold" "fastADMM" "fastFPS" "system.time" 
".Call" "eigs.real_sym" "eigs_sym" "fastFantopeProj" "fastADMM" "fastFPS" "system.time" 
"eigen" "fastFantopeProj" "fastADMM" "fastFPS" "system.time" 
"eigen" "fastFantopeProj" "fastADMM" "fastFPS" "system.time" 
"-" "standardGeneric" "<Anonymous>" "fastADMM" "fastFPS" "system.time" 
"eigen" "fastFantopeProj" "fastADMM" "fastFPS" "system.time" 
"eigen" "fastFantopeProj" "fastADMM" "fastFPS" "system.time" 
"is.finite" "eigen" "fastFantopeProj" "fastADMM" "fastFPS" "system.time" 
"<Anonymous>" "reconSVDcpp" "fastFantopeProj" "fastADMM" "fastFPS" "system.time" 
"eigen" "fastFantopeProj" "fastADMM" "fastFPS" "system.time" 
"-" "standardGeneric" "<Anonymous>" "fastADMM" "fastFPS" "system.time" 
"<Anonymous>" "reconSVDcpp" "fastFantopeProj" "fastADMM" "fastFPS" "system.time" 
"eigen" "fastFantopeProj" "fastADMM" "fastFPS" "system.time" 
"..2dge" "<Anonymous>" "standardGeneric" "<Anonymous>" "fastADMM" "fastFPS" "system.time" 
"eigen" "fastFantopeProj" "fastADMM" "fastFPS" "system.time" 
"+" "nrow" "fastFantopeProj" "fastADMM" "fastFPS" "system.time" 
"eigen" "fastFantopeProj" "fastADMM" "fastFPS" "system.time" 
"eigen" "fastFantopeProj" "fastADMM" "fastFPS" "system.time" 
"pmax" "softThreshold" "fastADMM" "fastFPS" "system.time" 
"eigen" "fastFantopeProj" "fastADMM" "fastFPS" "system.time" 
"eigen" "fastFantopeProj" "fastADMM" "fastFPS" "system.time" 
"mostattributes<-" "pmax" "softThreshold" "fastADMM" "fastFPS" "system.time" 
"eigen" "fastFantopeProj" "fastADMM" "fastFPS" "system.time" 
"eigen" "fastFantopeProj" "fastADMM" "fastFPS" "system.time" 
"<Anonymous>" "reconSVDcpp" "fastFantopeProj" "fastADMM" "fastFPS" "system.time" 
"eigen" "fastFantopeProj" "fastADMM" "fastFPS" "system.time" 
"is.finite" "eigen" "fastFantopeProj" "fastADMM" "fastFPS" "system.time" 
".Call" "eigs.real_sym" "eigs_sym" "fastFantopeProj" "fastADMM" "fastFPS" "system.time" 
"eigen" "fastFantopeProj" "fastADMM" "fastFPS" "system.time" 
"mostattributes<-" "pmax" "softThreshold" "fastADMM" "fastFPS" "system.time" 
".Call" "eigs.real_sym" "eigs_sym" "fastFantopeProj" "fastADMM" "fastFPS" "system.time" 
"eigen" "fastFantopeProj" "fastADMM" "fastFPS" "system.time" 
"mostattributes<-" "pmax" "softThreshold" "fastADMM" "fastFPS" "system.time" 
"mostattributes<-" "pmax" "softThreshold" "fastADMM" "fastFPS" "system.time" 
"mostattributes<-" "pmax" "softThreshold" "fastADMM" "fastFPS" "system.time" 
"mostattributes<-" "pmax" "softThreshold" "fastADMM" "fastFPS" "system.time" 
"mostattributes<-" "pmax" "softThreshold" "fastADMM" "fastFPS" "system.time" 
"eigen" "fastFantopeProj" "fastADMM" "fastFPS" "system.time" 
".Call" "eigs.real_sym" "eigs_sym" "fastFantopeProj" "fastADMM" "fastFPS" "system.time" 
"eigen" "fastFantopeProj" "fastADMM" "fastFPS" "system.time" 
"..2dge" "<Anonymous>" "standardGeneric" "<Anonymous>" "fastADMM" "fastFPS" "system.time" 
".Call" "eigs.real_sym" "eigs_sym" "fastFantopeProj" "fastADMM" "fastFPS" "system.time" 
"eigen" "fastFantopeProj" "fastADMM" "fastFPS" "system.time" 
"..2dge" "<Anonymous>" "standardGeneric" "<Anonymous>" "fastADMM" "fastFPS" "system.time" 
"<Anonymous>" "reconSVDcpp" "fastFantopeProj" "fastADMM" "fastFPS" "system.time" 
".Call" "eigs.real_sym" "eigs_sym" "fastFantopeProj" "fastADMM" "fastFPS" "system.time" 
"eigen" "fastFantopeProj" "fastADMM" "fastFPS" "system.time" 
"eigen" "fastFantopeProj" "fastADMM" "fastFPS" "system.time" 
".Call" "eigs.real_sym" "eigs_sym" "fastFantopeProj" "fastADMM" "fastFPS" "system.time" 
"eigen" "fastFantopeProj" "fastADMM" "fastFPS" "system.time" 
"eigen" "fastFantopeProj" "fastADMM" "fastFPS" "system.time" 
"<Anonymous>" "reconSVDcpp" "fastFantopeProj" "fastADMM" "fastFPS" "system.time" 
"eigen" "fastFantopeProj" "fastADMM" "fastFPS" "system.time" 
"eigen" "fastFantopeProj" "fastADMM" "fastFPS" "system.time" 
"mostattributes<-" "pmax" "softThreshold" "fastADMM" "fastFPS" "system.time" 
".Call" "eigs.real_sym" "eigs_sym" "fastFantopeProj" "fastADMM" "fastFPS" "system.time" 
"eigen" "fastFantopeProj" "fastADMM" "fastFPS" "system.time" 
"abs" "pmax" "softThreshold" "fastADMM" "fastFPS" "system.time" 
"eigen" "fastFantopeProj" "fastADMM" "fastFPS" "system.time" 
"-" "nrow" "fastFantopeProj" "fastADMM" "fastFPS" "system.time" 
"<Anonymous>" "reconSVDcpp" "fastFantopeProj" "fastADMM" "fastFPS" "system.time" 
".Call" "eigs.real_sym" "eigs_sym" "fastFantopeProj" "fastADMM" "fastFPS" "system.time" 
"eigen" "fastFantopeProj" "fastADMM" "fastFPS" "system.time" 
"-" "standardGeneric" "<Anonymous>" "fastADMM" "fastFPS" "system.time" 
".Call" "eigs.real_sym" "eigs_sym" "fastFantopeProj" "fastADMM" "fastFPS" "system.time" 
"eigen" "fastFantopeProj" "fastADMM" "fastFPS" "system.time" 
"mostattributes<-" "pmax" "softThreshold" "fastADMM" "fastFPS" "system.time" 
"eigen" "fastFantopeProj" "fastADMM" "fastFPS" "system.time" 
"eigen" "fastFantopeProj" "fastADMM" "fastFPS" "system.time" 
"eigen" "fastFantopeProj" "fastADMM" "fastFPS" "system.time" 
"-" "fastADMM" "fastFPS" "system.time" 
".Call" "eigs.real_sym" "eigs_sym" "fastFantopeProj" "fastADMM" "fastFPS" "system.time" 
"eigen" "fastFantopeProj" "fastADMM" "fastFPS" "system.time" 
"mostattributes<-" "pmax" "softThreshold" "fastADMM" "fastFPS" "system.time" 
".Call" "eigs.real_sym" "eigs_sym" "fastFantopeProj" "fastADMM" "fastFPS" "system.time" 
"eigen" "fastFantopeProj" "fastADMM" "fastFPS" "system.time" 
"-" "standardGeneric" "<Anonymous>" "fastADMM" "fastFPS" "system.time" 
"eigen" "fastFantopeProj" "fastADMM" "fastFPS" "system.time" 
"eigen" "fastFantopeProj" "fastADMM" "fastFPS" "system.time" 
"<Anonymous>" "reconSVDcpp" "fastFantopeProj" "fastADMM" "fastFPS" "system.time" 
"eigen" "fastFantopeProj" "fastADMM" "fastFPS" "system.time" 
"-" "fastADMM" "fastFPS" "system.time" 
"eigen" "fastFantopeProj" "fastADMM" "fastFPS" "system.time" 
"eigen" "fastFantopeProj" "fastADMM" "fastFPS" "system.time" 
"abs" "pmax" "softThreshold" "fastADMM" "fastFPS" "system.time" 
"eigen" "fastFantopeProj" "fastADMM" "fastFPS" "system.time" 
"..2dge" "<Anonymous>" "standardGeneric" "<Anonymous>" "fastADMM" "fastFPS" "system.time" 
"eigen" "fastFantopeProj" "fastADMM" "fastFPS" "system.time" 
"eigen" "fastFantopeProj" "fastADMM" "fastFPS" "system.time" 
"matrix" "fastFPS" "system.time" 
