sample.interval=20000
"softThreshold" "admm" "myFPS" 
"%*%" "fantopeProj" "admm" "myFPS" 
"%*%" "fantopeProj" "admm" "myFPS" 
"-" "admm" "myFPS" 
"+" "admm" "myFPS" 
"+" "admm" "myFPS" 
"+" "admm" "myFPS" 
"+" "admm" "myFPS" 
"+" "admm" "myFPS" 
"+" "admm" "myFPS" 
"+" "admm" "myFPS" 
"eigen" "fantopeProj" "admm" "myFPS" 
"eigen" "fantopeProj" "admm" "myFPS" 
"eigen" "fantopeProj" "admm" "myFPS" 
"abs" "pmax" "softThreshold" "admm" "myFPS" 
"eigen" "fantopeProj" "admm" "myFPS" 
"eigen" "fantopeProj" "admm" "myFPS" 
"eigen" "fantopeProj" "admm" "myFPS" 
"eigen" "fantopeProj" "admm" "myFPS" 
"eigen" "fantopeProj" "admm" "myFPS" 
"eigen" "fantopeProj" "admm" "myFPS" 
"attr.all.equal" "all.equal.numeric" "all.equal" "isSymmetric.matrix" "eigen" "fantopeProj" "admm" "myFPS" 
"eigen" "fantopeProj" "admm" "myFPS" 
"all.equal.numeric" "all.equal" "isSymmetric.matrix" "eigen" "fantopeProj" "admm" "myFPS" 
"length" "all.equal.list" "all.equal" "attr.all.equal" "all.equal.numeric" "all.equal" "isSymmetric.matrix" "eigen" "fantopeProj" "admm" "myFPS" 
"eigen" "fantopeProj" "admm" "myFPS" 
"all.equal.numeric" "all.equal" "isSymmetric.matrix" "eigen" "fantopeProj" "admm" "myFPS" 
"eigen" "fantopeProj" "admm" "myFPS" 
"eigen" "fantopeProj" "admm" "myFPS" 
"eigen" "fantopeProj" "admm" "myFPS" 
"eigen" "fantopeProj" "admm" "myFPS" 
"rev" "eigen" "fantopeProj" "admm" "myFPS" 
"abs" "mean" "all.equal.numeric" "all.equal" "isSymmetric.matrix" "eigen" "fantopeProj" "admm" "myFPS" 
"-" "standardGeneric" "<Anonymous>" "admm" "myFPS" 
"t.default" "t" "fantopeProj" "admm" "myFPS" 
"%*%" "fantopeProj" "admm" "myFPS" 
"eigen" "fantopeProj" "admm" "myFPS" 
"eigen" "fantopeProj" "admm" "myFPS" 
"%*%" "fantopeProj" "admm" "myFPS" 
"abs" "mean" "all.equal.numeric" "all.equal" "isSymmetric.matrix" "eigen" "fantopeProj" "admm" "myFPS" 
"eigen" "fantopeProj" "admm" "myFPS" 
"%*%" "fantopeProj" "admm" "myFPS" 
"sign" "softThreshold" "admm" "myFPS" 
"eigen" "fantopeProj" "admm" "myFPS" 
"all.equal.numeric" "all.equal" "isSymmetric.matrix" "eigen" "fantopeProj" "admm" "myFPS" 
"%*%" "fantopeProj" "admm" "myFPS" 
"mostattributes<-" "pmax" "softThreshold" "admm" "myFPS" 
"eigen" "fantopeProj" "admm" "myFPS" 
"eigen" "fantopeProj" "admm" "myFPS" 
"abs" "mean" "all.equal.numeric" "all.equal" "isSymmetric.matrix" "eigen" "fantopeProj" "admm" "myFPS" 
"all.equal.numeric" "all.equal" "isSymmetric.matrix" "eigen" "fantopeProj" "admm" "myFPS" 
"is.finite" "eigen" "fantopeProj" "admm" "myFPS" 
"mostattributes<-" "pmax" "softThreshold" "admm" "myFPS" 
"all.equal.numeric" "all.equal" "isSymmetric.matrix" "eigen" "fantopeProj" "admm" "myFPS" 
"eigen" "fantopeProj" "admm" "myFPS" 
"eigen" "fantopeProj" "admm" "myFPS" 
"all.equal.numeric" "all.equal" "isSymmetric.matrix" "eigen" "fantopeProj" "admm" "myFPS" 
"eigen" "fantopeProj" "admm" "myFPS" 
"all.equal.numeric" "all.equal" "isSymmetric.matrix" "eigen" "fantopeProj" "admm" "myFPS" 
"sum" "getTheta" "fantopeProj" "admm" "myFPS" 
"all.equal.numeric" "all.equal" "isSymmetric.matrix" "eigen" "fantopeProj" "admm" "myFPS" 
"%*%" "fantopeProj" "admm" "myFPS" 
"getClass" "..2dge" "<Anonymous>" "standardGeneric" "<Anonymous>" "admm" "myFPS" 
"all.equal.numeric" "all.equal" "isSymmetric.matrix" "eigen" "fantopeProj" "admm" "myFPS" 
"pmax" "softThreshold" "admm" "myFPS" 
"getTheta" "fantopeProj" "admm" "myFPS" 
"eigen" "fantopeProj" "admm" "myFPS" 
"-" "standardGeneric" "<Anonymous>" "admm" "myFPS" 
"all.equal.numeric" "all.equal" "isSymmetric.matrix" "eigen" "fantopeProj" "admm" "myFPS" 
"all.equal.numeric" "all.equal" "isSymmetric.matrix" "eigen" "fantopeProj" "admm" "myFPS" 
"%*%" "fantopeProj" "admm" "myFPS" 
"lapply" "unlist" "order" "attr.all.equal" "all.equal.numeric" "all.equal" "isSymmetric.matrix" "eigen" "fantopeProj" "admm" "myFPS" 
"t.default" "t" "fantopeProj" "admm" "myFPS" 
"-" "standardGeneric" "<Anonymous>" "admm" "myFPS" 
"eigen" "fantopeProj" "admm" "myFPS" 
